# Logfile created on 2013-03-18 04:04:12 -0400 by logger.rb/31641
I, [2013-03-18T04:19:47.408481 #58177]  INFO -- : Net::HTTP::Get: /photos/totavivapage1
D, [2013-03-18T04:19:47.510400 #58177] DEBUG -- : request-header: accept => */*
D, [2013-03-18T04:19:47.510539 #58177] DEBUG -- : request-header: user-agent => Mechanize/2.5.1 Ruby/1.9.3p327 (http://github.com/tenderlove/mechanize/)
D, [2013-03-18T04:19:47.510596 #58177] DEBUG -- : request-header: accept-encoding => gzip,deflate,identity
D, [2013-03-18T04:19:47.510650 #58177] DEBUG -- : request-header: accept-charset => ISO-8859-1,utf-8;q=0.7,*;q=0.7
D, [2013-03-18T04:19:47.510735 #58177] DEBUG -- : request-header: accept-language => en-us,en;q=0.5
D, [2013-03-18T04:19:47.510800 #58177] DEBUG -- : request-header: host => www.flickr.com
I, [2013-03-18T04:19:47.732904 #58177]  INFO -- : status: Net::HTTPNotFound 1.1 404 Not Found
D, [2013-03-18T04:19:47.733084 #58177] DEBUG -- : response-header: age => 0
D, [2013-03-18T04:19:47.733166 #58177] DEBUG -- : response-header: cache-control => private
D, [2013-03-18T04:19:47.733247 #58177] DEBUG -- : response-header: connection => Keep-Alive
D, [2013-03-18T04:19:47.733327 #58177] DEBUG -- : response-header: content-encoding => gzip
D, [2013-03-18T04:19:47.733415 #58177] DEBUG -- : response-header: content-type => text/html; charset=utf-8
D, [2013-03-18T04:19:47.733499 #58177] DEBUG -- : response-header: date => Mon, 18 Mar 2013 08:19:47 GMT
D, [2013-03-18T04:19:47.733596 #58177] DEBUG -- : response-header: p3p => policyref="http://info.yahoo.com/w3c/p3p.xml", CP="CAO DSP COR CUR ADM DEV TAI PSA PSD IVAi IVDi CONi TELo OTPi OUR DELi SAMi OTRi UNRi PUBi IND PHY ONL UNI PUR FIN COM NAV INT DEM CNT STA POL HEA PRE LOC GOV"
D, [2013-03-18T04:19:47.733680 #58177] DEBUG -- : response-header: server => YTS/1.20.20
D, [2013-03-18T04:19:47.733754 #58177] DEBUG -- : response-header: set-cookie => localization=en-us%3Bus%3Bus; expires=Mon, 16-Mar-2015 08:19:47 GMT; path=/; domain=.flickr.com, xb=52; expires=Thu, 19-Mar-2015 08:19:47 GMT; path=/; domain=.flickr.com
D, [2013-03-18T04:19:47.733822 #58177] DEBUG -- : response-header: transfer-encoding => chunked
D, [2013-03-18T04:19:47.733892 #58177] DEBUG -- : response-header: vary => Accept-Encoding
D, [2013-03-18T04:19:47.733950 #58177] DEBUG -- : response-header: via => HTTP/1.0 r41.ycpi.mud.yahoo.net (YahooTrafficServer/1.20.20 [cMsSf ]), HTTP/1.1 r04.ycpi.dcb.yahoo.net UserFiberFramework/1.0
D, [2013-03-18T04:19:47.734004 #58177] DEBUG -- : response-header: x-served-by => www44.flickr.mud.yahoo.com
D, [2013-03-18T04:19:47.734278 #58177] DEBUG -- : Read 607 bytes (607 total)
D, [2013-03-18T04:19:47.734380 #58177] DEBUG -- : Read 1668 bytes (2275 total)
D, [2013-03-18T04:19:47.734485 #58177] DEBUG -- : Read 2920 bytes (5195 total)
D, [2013-03-18T04:19:47.759132 #58177] DEBUG -- : Read 274 bytes (5469 total)
D, [2013-03-18T04:19:47.788353 #58177] DEBUG -- : Read 1460 bytes (6929 total)
D, [2013-03-18T04:19:47.788812 #58177] DEBUG -- : Read 1446 bytes (8375 total)
D, [2013-03-18T04:19:47.788902 #58177] DEBUG -- : Read 1452 bytes (9827 total)
D, [2013-03-18T04:19:47.788985 #58177] DEBUG -- : Read 1198 bytes (11025 total)
D, [2013-03-18T04:19:47.789067 #58177] DEBUG -- : Read 247 bytes (11272 total)
D, [2013-03-18T04:19:47.789150 #58177] DEBUG -- : Read 1452 bytes (12724 total)
D, [2013-03-18T04:19:47.789309 #58177] DEBUG -- : Read 45 bytes (12769 total)
D, [2013-03-18T04:19:47.789419 #58177] DEBUG -- : Read 1399 bytes (14168 total)
D, [2013-03-18T04:19:47.789952 #58177] DEBUG -- : Read 1452 bytes (15620 total)
D, [2013-03-18T04:19:47.790042 #58177] DEBUG -- : Read 1245 bytes (16865 total)
D, [2013-03-18T04:19:47.790136 #58177] DEBUG -- : Read 1651 bytes (18516 total)
D, [2013-03-18T04:19:47.816068 #58177] DEBUG -- : Read 1452 bytes (19968 total)
D, [2013-03-18T04:19:47.816326 #58177] DEBUG -- : Read 993 bytes (20961 total)
D, [2013-03-18T04:19:47.816580 #58177] DEBUG -- : Read 486 bytes (21447 total)
D, [2013-03-18T04:19:47.817072 #58177] DEBUG -- : gzip response
D, [2013-03-18T04:19:48.246947 #58177] DEBUG -- : saved cookie: localization=en-us%3Bus%3Bus
D, [2013-03-18T04:19:48.250742 #58177] DEBUG -- : saved cookie: xb=52
I, [2013-03-18T04:20:01.940042 #58223]  INFO -- : Net::HTTP::Get: /photos/totaviva/page1
D, [2013-03-18T04:20:01.940224 #58223] DEBUG -- : request-header: accept => */*
D, [2013-03-18T04:20:01.940285 #58223] DEBUG -- : request-header: user-agent => Mechanize/2.5.1 Ruby/1.9.3p327 (http://github.com/tenderlove/mechanize/)
D, [2013-03-18T04:20:01.940341 #58223] DEBUG -- : request-header: accept-encoding => gzip,deflate,identity
D, [2013-03-18T04:20:01.940395 #58223] DEBUG -- : request-header: accept-charset => ISO-8859-1,utf-8;q=0.7,*;q=0.7
D, [2013-03-18T04:20:01.940455 #58223] DEBUG -- : request-header: accept-language => en-us,en;q=0.5
D, [2013-03-18T04:20:01.940530 #58223] DEBUG -- : request-header: host => www.flickr.com
I, [2013-03-18T04:20:02.384020 #58223]  INFO -- : status: Net::HTTPOK 1.1 200 OK
D, [2013-03-18T04:20:02.384210 #58223] DEBUG -- : response-header: age => 0
D, [2013-03-18T04:20:02.384330 #58223] DEBUG -- : response-header: cache-control => private
D, [2013-03-18T04:20:02.384475 #58223] DEBUG -- : response-header: connection => Keep-Alive
D, [2013-03-18T04:20:02.384624 #58223] DEBUG -- : response-header: content-encoding => gzip
D, [2013-03-18T04:20:02.384772 #58223] DEBUG -- : response-header: content-type => text/html; charset=utf-8
D, [2013-03-18T04:20:02.384883 #58223] DEBUG -- : response-header: date => Mon, 18 Mar 2013 08:20:02 GMT
D, [2013-03-18T04:20:02.384989 #58223] DEBUG -- : response-header: p3p => policyref="http://info.yahoo.com/w3c/p3p.xml", CP="CAO DSP COR CUR ADM DEV TAI PSA PSD IVAi IVDi CONi TELo OTPi OUR DELi SAMi OTRi UNRi PUBi IND PHY ONL UNI PUR FIN COM NAV INT DEM CNT STA POL HEA PRE LOC GOV"
D, [2013-03-18T04:20:02.385090 #58223] DEBUG -- : response-header: server => YTS/1.20.20
D, [2013-03-18T04:20:02.385190 #58223] DEBUG -- : response-header: set-cookie => localization=en-us%3Bus%3Bus; expires=Mon, 16-Mar-2015 08:20:02 GMT; path=/; domain=.flickr.com, xb=84; expires=Thu, 19-Mar-2015 08:20:02 GMT; path=/; domain=.flickr.com
D, [2013-03-18T04:20:02.385300 #58223] DEBUG -- : response-header: transfer-encoding => chunked
D, [2013-03-18T04:20:02.385379 #58223] DEBUG -- : response-header: vary => Accept-Encoding
D, [2013-03-18T04:20:02.385458 #58223] DEBUG -- : response-header: via => HTTP/1.1 r20.ycpi.ne1.yahoo.net (YahooTrafficServer/1.20.20 [cMsSf ]), HTTP/1.1 r04.ycpi.ac4.yahoo.net UserFiberFramework/1.0
D, [2013-03-18T04:20:02.385535 #58223] DEBUG -- : response-header: x-served-by => www48.flickr.bf1.yahoo.com
D, [2013-03-18T04:20:02.385854 #58223] DEBUG -- : Read 610 bytes (610 total)
D, [2013-03-18T04:20:02.385980 #58223] DEBUG -- : Read 183 bytes (793 total)
D, [2013-03-18T04:20:02.386116 #58223] DEBUG -- : Read 4096 bytes (4889 total)
D, [2013-03-18T04:20:02.386242 #58223] DEBUG -- : Read 284 bytes (5173 total)
D, [2013-03-18T04:20:02.386365 #58223] DEBUG -- : Read 276 bytes (5449 total)
D, [2013-03-18T04:20:02.386494 #58223] DEBUG -- : Read 4096 bytes (9545 total)
D, [2013-03-18T04:20:02.386620 #58223] DEBUG -- : Read 3130 bytes (12675 total)
D, [2013-03-18T04:20:02.410153 #58223] DEBUG -- : Read 966 bytes (13641 total)
D, [2013-03-18T04:20:02.410347 #58223] DEBUG -- : Read 475 bytes (14116 total)
D, [2013-03-18T04:20:02.410461 #58223] DEBUG -- : Read 93 bytes (14209 total)
D, [2013-03-18T04:20:02.410566 #58223] DEBUG -- : Read 1348 bytes (15557 total)
D, [2013-03-18T04:20:02.410800 #58223] DEBUG -- : Read 1448 bytes (17005 total)
D, [2013-03-18T04:20:02.410944 #58223] DEBUG -- : Read 124 bytes (17129 total)
D, [2013-03-18T04:20:02.411097 #58223] DEBUG -- : Read 2764 bytes (19893 total)
D, [2013-03-18T04:20:02.411201 #58223] DEBUG -- : Read 1332 bytes (21225 total)
D, [2013-03-18T04:20:02.411307 #58223] DEBUG -- : Read 284 bytes (21509 total)
D, [2013-03-18T04:20:02.414976 #58223] DEBUG -- : Read 1443 bytes (22952 total)
D, [2013-03-18T04:20:02.415092 #58223] DEBUG -- : Read 1448 bytes (24400 total)
D, [2013-03-18T04:20:02.441378 #58223] DEBUG -- : Read 1105 bytes (25505 total)
D, [2013-03-18T04:20:02.441984 #58223] DEBUG -- : gzip response
D, [2013-03-18T04:20:02.463190 #58223] DEBUG -- : saved cookie: localization=en-us%3Bus%3Bus
D, [2013-03-18T04:20:02.466108 #58223] DEBUG -- : saved cookie: xb=84
I, [2013-03-18T04:22:37.428099 #58328]  INFO -- : Net::HTTP::Get: /photos/totaviva/page1
D, [2013-03-18T04:22:37.449378 #58328] DEBUG -- : request-header: accept => */*
D, [2013-03-18T04:22:37.449542 #58328] DEBUG -- : request-header: user-agent => Mechanize/2.5.1 Ruby/1.9.3p327 (http://github.com/tenderlove/mechanize/)
D, [2013-03-18T04:22:37.449602 #58328] DEBUG -- : request-header: accept-encoding => gzip,deflate,identity
D, [2013-03-18T04:22:37.449658 #58328] DEBUG -- : request-header: accept-charset => ISO-8859-1,utf-8;q=0.7,*;q=0.7
D, [2013-03-18T04:22:37.449734 #58328] DEBUG -- : request-header: accept-language => en-us,en;q=0.5
D, [2013-03-18T04:22:37.449808 #58328] DEBUG -- : request-header: host => www.flickr.com
I, [2013-03-18T04:22:38.095284 #58328]  INFO -- : status: Net::HTTPOK 1.1 200 OK
D, [2013-03-18T04:22:38.095435 #58328] DEBUG -- : response-header: date => Mon, 18 Mar 2013 08:22:37 GMT
D, [2013-03-18T04:22:38.095503 #58328] DEBUG -- : response-header: p3p => policyref="http://info.yahoo.com/w3c/p3p.xml", CP="CAO DSP COR CUR ADM DEV TAI PSA PSD IVAi IVDi CONi TELo OTPi OUR DELi SAMi OTRi UNRi PUBi IND PHY ONL UNI PUR FIN COM NAV INT DEM CNT STA POL HEA PRE LOC GOV"
D, [2013-03-18T04:22:38.095569 #58328] DEBUG -- : response-header: set-cookie => localization=en-us%3Bus%3Bus; expires=Mon, 16-Mar-2015 08:22:37 GMT; path=/; domain=.flickr.com, xb=9; expires=Thu, 19-Mar-2015 08:22:38 GMT; path=/; domain=.flickr.com
D, [2013-03-18T04:22:38.095631 #58328] DEBUG -- : response-header: cache-control => private
D, [2013-03-18T04:22:38.095694 #58328] DEBUG -- : response-header: x-served-by => www24.flickr.mud.yahoo.com
D, [2013-03-18T04:22:38.095755 #58328] DEBUG -- : response-header: vary => Accept-Encoding
D, [2013-03-18T04:22:38.095816 #58328] DEBUG -- : response-header: content-encoding => gzip
D, [2013-03-18T04:22:38.095878 #58328] DEBUG -- : response-header: content-type => text/html; charset=utf-8
D, [2013-03-18T04:22:38.095939 #58328] DEBUG -- : response-header: age => 3
D, [2013-03-18T04:22:38.096002 #58328] DEBUG -- : response-header: via => HTTP/1.1 r23.ycpi.ne1.yahoo.net (YahooTrafficServer/1.20.20 [cMsSf ]), HTTP/1.1 r19.ycpi.dcb.yahoo.net (YahooTrafficServer/1.20.20 [cMsSf ])
D, [2013-03-18T04:22:38.096066 #58328] DEBUG -- : response-header: server => YTS/1.20.20
D, [2013-03-18T04:22:38.096128 #58328] DEBUG -- : response-header: transfer-encoding => chunked
D, [2013-03-18T04:22:38.096188 #58328] DEBUG -- : response-header: connection => keep-alive
D, [2013-03-18T04:22:38.096456 #58328] DEBUG -- : Read 600 bytes (600 total)
D, [2013-03-18T04:22:38.096554 #58328] DEBUG -- : Read 1452 bytes (2052 total)
D, [2013-03-18T04:22:38.119850 #58328] DEBUG -- : Read 1452 bytes (3504 total)
D, [2013-03-18T04:22:38.120456 #58328] DEBUG -- : Read 1665 bytes (5169 total)
D, [2013-03-18T04:22:38.146005 #58328] DEBUG -- : Read 280 bytes (5449 total)
D, [2013-03-18T04:22:38.217892 #58328] DEBUG -- : Read 1446 bytes (6895 total)
D, [2013-03-18T04:22:38.218071 #58328] DEBUG -- : Read 1452 bytes (8347 total)
D, [2013-03-18T04:22:38.218824 #58328] DEBUG -- : Read 4356 bytes (12703 total)
D, [2013-03-18T04:22:38.244721 #58328] DEBUG -- : Read 1452 bytes (14155 total)
D, [2013-03-18T04:22:38.244938 #58328] DEBUG -- : Read 2904 bytes (17059 total)
D, [2013-03-18T04:22:38.245061 #58328] DEBUG -- : Read 2904 bytes (19963 total)
D, [2013-03-18T04:22:38.270463 #58328] DEBUG -- : Read 1452 bytes (21415 total)
D, [2013-03-18T04:22:38.270705 #58328] DEBUG -- : Read 1452 bytes (22867 total)
D, [2013-03-18T04:22:38.271071 #58328] DEBUG -- : Read 2650 bytes (25517 total)
D, [2013-03-18T04:22:38.271605 #58328] DEBUG -- : gzip response
D, [2013-03-18T04:22:38.291825 #58328] DEBUG -- : saved cookie: localization=en-us%3Bus%3Bus
D, [2013-03-18T04:22:38.294087 #58328] DEBUG -- : saved cookie: xb=9
I, [2013-03-18T09:07:54.367740 #59598]  INFO -- : Net::HTTP::Get: /photos/totaviva/page1
D, [2013-03-18T09:07:54.390023 #59598] DEBUG -- : request-header: accept => */*
D, [2013-03-18T09:07:54.390488 #59598] DEBUG -- : request-header: user-agent => Mechanize/2.5.1 Ruby/1.9.3p327 (http://github.com/tenderlove/mechanize/)
D, [2013-03-18T09:07:54.390611 #59598] DEBUG -- : request-header: accept-encoding => gzip,deflate,identity
D, [2013-03-18T09:07:54.390693 #59598] DEBUG -- : request-header: accept-charset => ISO-8859-1,utf-8;q=0.7,*;q=0.7
D, [2013-03-18T09:07:54.390773 #59598] DEBUG -- : request-header: accept-language => en-us,en;q=0.5
D, [2013-03-18T09:07:54.390832 #59598] DEBUG -- : request-header: host => www.flickr.com
I, [2013-03-18T09:07:54.981041 #59598]  INFO -- : status: Net::HTTPOK 1.1 200 OK
D, [2013-03-18T09:07:54.981229 #59598] DEBUG -- : response-header: age => 0
D, [2013-03-18T09:07:54.981318 #59598] DEBUG -- : response-header: cache-control => private
D, [2013-03-18T09:07:54.981402 #59598] DEBUG -- : response-header: connection => Keep-Alive
D, [2013-03-18T09:07:54.981483 #59598] DEBUG -- : response-header: content-encoding => gzip
D, [2013-03-18T09:07:54.981565 #59598] DEBUG -- : response-header: content-type => text/html; charset=utf-8
D, [2013-03-18T09:07:54.981649 #59598] DEBUG -- : response-header: date => Mon, 18 Mar 2013 13:07:55 GMT
D, [2013-03-18T09:07:54.981748 #59598] DEBUG -- : response-header: p3p => policyref="http://info.yahoo.com/w3c/p3p.xml", CP="CAO DSP COR CUR ADM DEV TAI PSA PSD IVAi IVDi CONi TELo OTPi OUR DELi SAMi OTRi UNRi PUBi IND PHY ONL UNI PUR FIN COM NAV INT DEM CNT STA POL HEA PRE LOC GOV"
D, [2013-03-18T09:07:54.981837 #59598] DEBUG -- : response-header: server => YTS/1.19.11
D, [2013-03-18T09:07:54.981915 #59598] DEBUG -- : response-header: set-cookie => localization=en-us%3Bus%3Bus; expires=Mon, 16-Mar-2015 13:07:55 GMT; path=/; domain=.flickr.com, xb=21; expires=Thu, 19-Mar-2015 13:07:55 GMT; path=/; domain=.flickr.com
D, [2013-03-18T09:07:54.981983 #59598] DEBUG -- : response-header: transfer-encoding => chunked
D, [2013-03-18T09:07:54.982037 #59598] DEBUG -- : response-header: vary => Accept-Encoding
D, [2013-03-18T09:07:54.982089 #59598] DEBUG -- : response-header: via => HTTP/1.1 r03.ycpi.ac4.yahoo.net UserFiberFramework/1.0
D, [2013-03-18T09:07:54.982148 #59598] DEBUG -- : response-header: x-served-by => www16.flickr.bf1.yahoo.com
D, [2013-03-18T09:07:54.982400 #59598] DEBUG -- : Read 607 bytes (607 total)
D, [2013-03-18T09:07:54.983057 #59598] DEBUG -- : Read 1374 bytes (1981 total)
D, [2013-03-18T09:07:54.987025 #59598] DEBUG -- : Read 272 bytes (2253 total)
D, [2013-03-18T09:07:54.987161 #59598] DEBUG -- : Read 1095 bytes (3348 total)
D, [2013-03-18T09:07:54.991000 #59598] DEBUG -- : Read 1374 bytes (4722 total)
D, [2013-03-18T09:07:54.997169 #59598] DEBUG -- : Read 727 bytes (5449 total)
D, [2013-03-18T09:07:55.053954 #59598] DEBUG -- : Read 1368 bytes (6817 total)
D, [2013-03-18T09:07:55.057056 #59598] DEBUG -- : Read 1374 bytes (8191 total)
D, [2013-03-18T09:07:55.062251 #59598] DEBUG -- : Read 1374 bytes (9565 total)
D, [2013-03-18T09:07:55.064877 #59598] DEBUG -- : Read 264 bytes (9829 total)
D, [2013-03-18T09:07:55.069115 #59598] DEBUG -- : Read 1368 bytes (11197 total)
D, [2013-03-18T09:07:55.073216 #59598] DEBUG -- : Read 1374 bytes (12571 total)
D, [2013-03-18T09:07:55.077096 #59598] DEBUG -- : Read 2748 bytes (15319 total)
D, [2013-03-18T09:07:55.080954 #59598] DEBUG -- : Read 1374 bytes (16693 total)
D, [2013-03-18T09:07:55.085004 #59598] DEBUG -- : Read 1374 bytes (18067 total)
D, [2013-03-18T09:07:55.089009 #59598] DEBUG -- : Read 1374 bytes (19441 total)
D, [2013-03-18T09:07:55.093015 #59598] DEBUG -- : Read 608 bytes (20049 total)
D, [2013-03-18T09:07:55.097039 #59598] DEBUG -- : Read 1368 bytes (21417 total)
D, [2013-03-18T09:07:55.101035 #59598] DEBUG -- : Read 1374 bytes (22791 total)
D, [2013-03-18T09:07:55.104998 #59598] DEBUG -- : Read 1374 bytes (24165 total)
D, [2013-03-18T09:07:55.109302 #59598] DEBUG -- : Read 1349 bytes (25514 total)
D, [2013-03-18T09:07:55.109832 #59598] DEBUG -- : gzip response
D, [2013-03-18T09:07:55.129708 #59598] DEBUG -- : saved cookie: localization=en-us%3Bus%3Bus
D, [2013-03-18T09:07:55.133203 #59598] DEBUG -- : saved cookie: xb=21
I, [2013-03-18T09:18:56.192442 #59787]  INFO -- : Net::HTTP::Get: /photos/totaviva/sets/72157632174398126/
D, [2013-03-18T09:18:56.192670 #59787] DEBUG -- : request-header: accept => */*
D, [2013-03-18T09:18:56.192757 #59787] DEBUG -- : request-header: user-agent => Mechanize/2.5.1 Ruby/1.9.3p327 (http://github.com/tenderlove/mechanize/)
D, [2013-03-18T09:18:56.192855 #59787] DEBUG -- : request-header: accept-encoding => gzip,deflate,identity
D, [2013-03-18T09:18:56.192945 #59787] DEBUG -- : request-header: accept-charset => ISO-8859-1,utf-8;q=0.7,*;q=0.7
D, [2013-03-18T09:18:56.193040 #59787] DEBUG -- : request-header: accept-language => en-us,en;q=0.5
D, [2013-03-18T09:18:56.193126 #59787] DEBUG -- : request-header: host => www.flickr.com
I, [2013-03-18T09:18:56.808700 #59787]  INFO -- : status: Net::HTTPOK 1.1 200 OK
D, [2013-03-18T09:18:56.808891 #59787] DEBUG -- : response-header: age => 0
D, [2013-03-18T09:18:56.808993 #59787] DEBUG -- : response-header: cache-control => private
D, [2013-03-18T09:18:56.809091 #59787] DEBUG -- : response-header: connection => Keep-Alive
D, [2013-03-18T09:18:56.809185 #59787] DEBUG -- : response-header: content-encoding => gzip
D, [2013-03-18T09:18:56.809283 #59787] DEBUG -- : response-header: content-type => text/html; charset=utf-8
D, [2013-03-18T09:18:56.809380 #59787] DEBUG -- : response-header: date => Mon, 18 Mar 2013 13:18:57 GMT
D, [2013-03-18T09:18:56.809478 #59787] DEBUG -- : response-header: p3p => policyref="http://info.yahoo.com/w3c/p3p.xml", CP="CAO DSP COR CUR ADM DEV TAI PSA PSD IVAi IVDi CONi TELo OTPi OUR DELi SAMi OTRi UNRi PUBi IND PHY ONL UNI PUR FIN COM NAV INT DEM CNT STA POL HEA PRE LOC GOV"
D, [2013-03-18T09:18:56.809576 #59787] DEBUG -- : response-header: server => YTS/1.19.11
D, [2013-03-18T09:18:56.809674 #59787] DEBUG -- : response-header: set-cookie => localization=en-us%3Bus%3Bus; expires=Mon, 16-Mar-2015 13:18:57 GMT; path=/; domain=.flickr.com, xb=78; expires=Thu, 19-Mar-2015 13:18:57 GMT; path=/; domain=.flickr.com
D, [2013-03-18T09:18:56.809772 #59787] DEBUG -- : response-header: transfer-encoding => chunked
D, [2013-03-18T09:18:56.809868 #59787] DEBUG -- : response-header: vary => Accept-Encoding
D, [2013-03-18T09:18:56.809966 #59787] DEBUG -- : response-header: via => HTTP/1.1 r8.ycpi.nyc.yahoo.net UserFiberFramework/1.0
D, [2013-03-18T09:18:56.810063 #59787] DEBUG -- : response-header: x-served-by => www28.flickr.bf1.yahoo.com
D, [2013-03-18T09:18:56.810449 #59787] DEBUG -- : Read 607 bytes (607 total)
D, [2013-03-18T09:18:56.810708 #59787] DEBUG -- : Read 1374 bytes (1981 total)
D, [2013-03-18T09:18:56.814901 #59787] DEBUG -- : Read 1374 bytes (3355 total)
D, [2013-03-18T09:18:56.818830 #59787] DEBUG -- : Read 976 bytes (4331 total)
D, [2013-03-18T09:18:56.818977 #59787] DEBUG -- : Read 390 bytes (4721 total)
D, [2013-03-18T09:18:56.821874 #59787] DEBUG -- : Read 1374 bytes (6095 total)
D, [2013-03-18T09:18:56.825953 #59787] DEBUG -- : Read 1374 bytes (7469 total)
D, [2013-03-18T09:18:56.829970 #59787] DEBUG -- : Read 1374 bytes (8843 total)
D, [2013-03-18T09:18:56.833938 #59787] DEBUG -- : Read 1374 bytes (10217 total)
D, [2013-03-18T09:18:56.838002 #59787] DEBUG -- : Read 1374 bytes (11591 total)
D, [2013-03-18T09:18:56.841727 #59787] DEBUG -- : Read 1374 bytes (12965 total)
D, [2013-03-18T09:18:56.845872 #59787] DEBUG -- : Read 1374 bytes (14339 total)
D, [2013-03-18T09:18:56.850029 #59787] DEBUG -- : Read 1374 bytes (15713 total)
D, [2013-03-18T09:18:56.854019 #59787] DEBUG -- : Read 1374 bytes (17087 total)
D, [2013-03-18T09:18:56.857813 #59787] DEBUG -- : Read 1374 bytes (18461 total)
D, [2013-03-18T09:18:56.861818 #59787] DEBUG -- : Read 470 bytes (18931 total)
D, [2013-03-18T09:18:56.861939 #59787] DEBUG -- : Read 897 bytes (19828 total)
D, [2013-03-18T09:18:56.866097 #59787] DEBUG -- : Read 563 bytes (20391 total)
D, [2013-03-18T09:18:56.866270 #59787] DEBUG -- : Read 804 bytes (21195 total)
D, [2013-03-18T09:18:56.873513 #59787] DEBUG -- : Read 1374 bytes (22569 total)
D, [2013-03-18T09:18:56.874486 #59787] DEBUG -- : Read 768 bytes (23337 total)
D, [2013-03-18T09:18:56.874796 #59787] DEBUG -- : gzip response
D, [2013-03-18T09:18:56.891381 #59787] DEBUG -- : saved cookie: localization=en-us%3Bus%3Bus
D, [2013-03-18T09:18:56.893674 #59787] DEBUG -- : saved cookie: xb=78
I, [2013-03-18T09:19:11.050536 #59834]  INFO -- : Net::HTTP::Get: /photos/totaviva/sets/72157632174398126/
D, [2013-03-18T09:19:11.050688 #59834] DEBUG -- : request-header: accept => */*
D, [2013-03-18T09:19:11.050745 #59834] DEBUG -- : request-header: user-agent => Mechanize/2.5.1 Ruby/1.9.3p327 (http://github.com/tenderlove/mechanize/)
D, [2013-03-18T09:19:11.050797 #59834] DEBUG -- : request-header: accept-encoding => gzip,deflate,identity
D, [2013-03-18T09:19:11.050850 #59834] DEBUG -- : request-header: accept-charset => ISO-8859-1,utf-8;q=0.7,*;q=0.7
D, [2013-03-18T09:19:11.050907 #59834] DEBUG -- : request-header: accept-language => en-us,en;q=0.5
D, [2013-03-18T09:19:11.050960 #59834] DEBUG -- : request-header: host => www.flickr.com
I, [2013-03-18T09:19:11.518152 #59834]  INFO -- : status: Net::HTTPOK 1.1 200 OK
D, [2013-03-18T09:19:11.518355 #59834] DEBUG -- : response-header: age => 0
D, [2013-03-18T09:19:11.518473 #59834] DEBUG -- : response-header: cache-control => private
D, [2013-03-18T09:19:11.518590 #59834] DEBUG -- : response-header: connection => Keep-Alive
D, [2013-03-18T09:19:11.518705 #59834] DEBUG -- : response-header: content-encoding => gzip
D, [2013-03-18T09:19:11.518828 #59834] DEBUG -- : response-header: content-type => text/html; charset=utf-8
D, [2013-03-18T09:19:11.518932 #59834] DEBUG -- : response-header: date => Mon, 18 Mar 2013 13:19:11 GMT
D, [2013-03-18T09:19:11.519012 #59834] DEBUG -- : response-header: p3p => policyref="http://info.yahoo.com/w3c/p3p.xml", CP="CAO DSP COR CUR ADM DEV TAI PSA PSD IVAi IVDi CONi TELo OTPi OUR DELi SAMi OTRi UNRi PUBi IND PHY ONL UNI PUR FIN COM NAV INT DEM CNT STA POL HEA PRE LOC GOV"
D, [2013-03-18T09:19:11.519088 #59834] DEBUG -- : response-header: server => YTS/1.20.20
D, [2013-03-18T09:19:11.519164 #59834] DEBUG -- : response-header: set-cookie => localization=en-us%3Bus%3Bus; expires=Mon, 16-Mar-2015 13:19:11 GMT; path=/; domain=.flickr.com, xb=20; expires=Thu, 19-Mar-2015 13:19:11 GMT; path=/; domain=.flickr.com
D, [2013-03-18T09:19:11.519239 #59834] DEBUG -- : response-header: transfer-encoding => chunked
D, [2013-03-18T09:19:11.519314 #59834] DEBUG -- : response-header: vary => Accept-Encoding
D, [2013-03-18T09:19:11.519394 #59834] DEBUG -- : response-header: via => HTTP/1.1 r08.ycpi.ne1.yahoo.net (YahooTrafficServer/1.20.20 [cMsSf ]), HTTP/1.1 r08.ycpi.ac4.yahoo.net UserFiberFramework/1.0
D, [2013-03-18T09:19:11.519484 #59834] DEBUG -- : response-header: x-served-by => www63.flickr.mud.yahoo.com
D, [2013-03-18T09:19:11.519918 #59834] DEBUG -- : Read 1909 bytes (1909 total)
D, [2013-03-18T09:19:11.520153 #59834] DEBUG -- : Read 2422 bytes (4331 total)
D, [2013-03-18T09:19:11.520390 #59834] DEBUG -- : Read 8562 bytes (12893 total)
D, [2013-03-18T09:19:11.533072 #59834] DEBUG -- : Read 1374 bytes (14267 total)
D, [2013-03-18T09:19:11.536071 #59834] DEBUG -- : Read 1374 bytes (15641 total)
D, [2013-03-18T09:19:11.539988 #59834] DEBUG -- : Read 1374 bytes (17015 total)
D, [2013-03-18T09:19:11.544255 #59834] DEBUG -- : Read 1374 bytes (18389 total)
D, [2013-03-18T09:19:11.548115 #59834] DEBUG -- : Read 1374 bytes (19763 total)
D, [2013-03-18T09:19:11.551968 #59834] DEBUG -- : Read 1374 bytes (21137 total)
D, [2013-03-18T09:19:11.556053 #59834] DEBUG -- : Read 1374 bytes (22511 total)
D, [2013-03-18T09:19:11.558943 #59834] DEBUG -- : Read 839 bytes (23350 total)
D, [2013-03-18T09:19:11.559269 #59834] DEBUG -- : gzip response
D, [2013-03-18T09:19:11.576619 #59834] DEBUG -- : saved cookie: localization=en-us%3Bus%3Bus
D, [2013-03-18T09:19:11.579004 #59834] DEBUG -- : saved cookie: xb=20
I, [2013-03-18T09:19:21.788567 #59881]  INFO -- : Net::HTTP::Get: /photos/totaviva/sets/72157632174398126/
D, [2013-03-18T09:19:21.788731 #59881] DEBUG -- : request-header: accept => */*
D, [2013-03-18T09:19:21.788790 #59881] DEBUG -- : request-header: user-agent => Mechanize/2.5.1 Ruby/1.9.3p327 (http://github.com/tenderlove/mechanize/)
D, [2013-03-18T09:19:21.788843 #59881] DEBUG -- : request-header: accept-encoding => gzip,deflate,identity
D, [2013-03-18T09:19:21.788895 #59881] DEBUG -- : request-header: accept-charset => ISO-8859-1,utf-8;q=0.7,*;q=0.7
D, [2013-03-18T09:19:21.788946 #59881] DEBUG -- : request-header: accept-language => en-us,en;q=0.5
D, [2013-03-18T09:19:21.788997 #59881] DEBUG -- : request-header: host => www.flickr.com
I, [2013-03-18T09:19:22.065386 #59881]  INFO -- : status: Net::HTTPOK 1.1 200 OK
D, [2013-03-18T09:19:22.065562 #59881] DEBUG -- : response-header: age => 0
D, [2013-03-18T09:19:22.065646 #59881] DEBUG -- : response-header: cache-control => private
D, [2013-03-18T09:19:22.065720 #59881] DEBUG -- : response-header: connection => Keep-Alive
D, [2013-03-18T09:19:22.065793 #59881] DEBUG -- : response-header: content-encoding => gzip
D, [2013-03-18T09:19:22.065896 #59881] DEBUG -- : response-header: content-type => text/html; charset=utf-8
D, [2013-03-18T09:19:22.065983 #59881] DEBUG -- : response-header: date => Mon, 18 Mar 2013 13:19:22 GMT
D, [2013-03-18T09:19:22.066060 #59881] DEBUG -- : response-header: p3p => policyref="http://info.yahoo.com/w3c/p3p.xml", CP="CAO DSP COR CUR ADM DEV TAI PSA PSD IVAi IVDi CONi TELo OTPi OUR DELi SAMi OTRi UNRi PUBi IND PHY ONL UNI PUR FIN COM NAV INT DEM CNT STA POL HEA PRE LOC GOV"
D, [2013-03-18T09:19:22.066135 #59881] DEBUG -- : response-header: server => YTS/1.19.11
D, [2013-03-18T09:19:22.066210 #59881] DEBUG -- : response-header: set-cookie => localization=en-us%3Bus%3Bus; expires=Mon, 16-Mar-2015 13:19:22 GMT; path=/; domain=.flickr.com, xb=84; expires=Thu, 19-Mar-2015 13:19:22 GMT; path=/; domain=.flickr.com
D, [2013-03-18T09:19:22.066292 #59881] DEBUG -- : response-header: transfer-encoding => chunked
D, [2013-03-18T09:19:22.066369 #59881] DEBUG -- : response-header: vary => Accept-Encoding
D, [2013-03-18T09:19:22.066475 #59881] DEBUG -- : response-header: via => HTTP/1.1 r13.ycpi.ac4.yahoo.net UserFiberFramework/1.0
D, [2013-03-18T09:19:22.066559 #59881] DEBUG -- : response-header: x-served-by => www30.flickr.bf1.yahoo.com
D, [2013-03-18T09:19:22.066891 #59881] DEBUG -- : Read 1980 bytes (1980 total)
D, [2013-03-18T09:19:22.067031 #59881] DEBUG -- : Read 2351 bytes (4331 total)
D, [2013-03-18T09:19:22.067177 #59881] DEBUG -- : Read 3137 bytes (7468 total)
D, [2013-03-18T09:19:22.069151 #59881] DEBUG -- : Read 1243 bytes (8711 total)
D, [2013-03-18T09:19:22.073110 #59881] DEBUG -- : Read 1369 bytes (10080 total)
D, [2013-03-18T09:19:22.077316 #59881] DEBUG -- : Read 1374 bytes (11454 total)
D, [2013-03-18T09:19:22.081196 #59881] DEBUG -- : Read 177 bytes (11631 total)
D, [2013-03-18T09:19:22.081410 #59881] DEBUG -- : Read 1189 bytes (12820 total)
D, [2013-03-18T09:19:22.085337 #59881] DEBUG -- : Read 1374 bytes (14194 total)
D, [2013-03-18T09:19:22.089339 #59881] DEBUG -- : Read 1374 bytes (15568 total)
D, [2013-03-18T09:19:22.093471 #59881] DEBUG -- : Read 1374 bytes (16942 total)
D, [2013-03-18T09:19:22.097079 #59881] DEBUG -- : Read 1374 bytes (18316 total)
D, [2013-03-18T09:19:22.101201 #59881] DEBUG -- : Read 615 bytes (18931 total)
D, [2013-03-18T09:19:22.101525 #59881] DEBUG -- : Read 752 bytes (19683 total)
D, [2013-03-18T09:19:22.105331 #59881] DEBUG -- : Read 708 bytes (20391 total)
D, [2013-03-18T09:19:22.105467 #59881] DEBUG -- : Read 659 bytes (21050 total)
D, [2013-03-18T09:19:22.109483 #59881] DEBUG -- : Read 1374 bytes (22424 total)
D, [2013-03-18T09:19:22.112252 #59881] DEBUG -- : Read 913 bytes (23337 total)
D, [2013-03-18T09:19:22.112541 #59881] DEBUG -- : gzip response
D, [2013-03-18T09:19:22.128979 #59881] DEBUG -- : saved cookie: localization=en-us%3Bus%3Bus
D, [2013-03-18T09:19:22.131669 #59881] DEBUG -- : saved cookie: xb=84
I, [2013-03-18T09:20:20.399453 #59936]  INFO -- : Net::HTTP::Get: /photos/totaviva/sets/72157632174398126/
D, [2013-03-18T09:20:20.399614 #59936] DEBUG -- : request-header: accept => */*
D, [2013-03-18T09:20:20.399673 #59936] DEBUG -- : request-header: user-agent => Mechanize/2.5.1 Ruby/1.9.3p327 (http://github.com/tenderlove/mechanize/)
D, [2013-03-18T09:20:20.399726 #59936] DEBUG -- : request-header: accept-encoding => gzip,deflate,identity
D, [2013-03-18T09:20:20.399779 #59936] DEBUG -- : request-header: accept-charset => ISO-8859-1,utf-8;q=0.7,*;q=0.7
D, [2013-03-18T09:20:20.399830 #59936] DEBUG -- : request-header: accept-language => en-us,en;q=0.5
D, [2013-03-18T09:20:20.399881 #59936] DEBUG -- : request-header: host => www.flickr.com
I, [2013-03-18T09:20:21.001590 #59936]  INFO -- : status: Net::HTTPOK 1.1 200 OK
D, [2013-03-18T09:20:21.001767 #59936] DEBUG -- : response-header: age => 0
D, [2013-03-18T09:20:21.001848 #59936] DEBUG -- : response-header: cache-control => private
D, [2013-03-18T09:20:21.001939 #59936] DEBUG -- : response-header: connection => Keep-Alive
D, [2013-03-18T09:20:21.002054 #59936] DEBUG -- : response-header: content-encoding => gzip
D, [2013-03-18T09:20:21.002148 #59936] DEBUG -- : response-header: content-type => text/html; charset=utf-8
D, [2013-03-18T09:20:21.002256 #59936] DEBUG -- : response-header: date => Mon, 18 Mar 2013 13:20:21 GMT
D, [2013-03-18T09:20:21.002347 #59936] DEBUG -- : response-header: p3p => policyref="http://info.yahoo.com/w3c/p3p.xml", CP="CAO DSP COR CUR ADM DEV TAI PSA PSD IVAi IVDi CONi TELo OTPi OUR DELi SAMi OTRi UNRi PUBi IND PHY ONL UNI PUR FIN COM NAV INT DEM CNT STA POL HEA PRE LOC GOV"
D, [2013-03-18T09:20:21.002424 #59936] DEBUG -- : response-header: server => YTS/1.19.11
D, [2013-03-18T09:20:21.002501 #59936] DEBUG -- : response-header: set-cookie => localization=en-us%3Bus%3Bus; expires=Mon, 16-Mar-2015 13:20:21 GMT; path=/; domain=.flickr.com, xb=27; expires=Thu, 19-Mar-2015 13:20:21 GMT; path=/; domain=.flickr.com
D, [2013-03-18T09:20:21.002606 #59936] DEBUG -- : response-header: transfer-encoding => chunked
D, [2013-03-18T09:20:21.002686 #59936] DEBUG -- : response-header: vary => Accept-Encoding
D, [2013-03-18T09:20:21.002762 #59936] DEBUG -- : response-header: via => HTTP/1.1 r14.ycpi.nyc.yahoo.net UserFiberFramework/1.0
D, [2013-03-18T09:20:21.002839 #59936] DEBUG -- : response-header: x-served-by => www136.flickr.bf1.yahoo.com
D, [2013-03-18T09:20:21.003167 #59936] DEBUG -- : Read 605 bytes (605 total)
D, [2013-03-18T09:20:21.004228 #59936] DEBUG -- : Read 1374 bytes (1979 total)
D, [2013-03-18T09:20:21.008464 #59936] DEBUG -- : Read 1374 bytes (3353 total)
D, [2013-03-18T09:20:21.012486 #59936] DEBUG -- : Read 978 bytes (4331 total)
D, [2013-03-18T09:20:21.012614 #59936] DEBUG -- : Read 389 bytes (4720 total)
D, [2013-03-18T09:20:21.016483 #59936] DEBUG -- : Read 1071 bytes (5791 total)
D, [2013-03-18T09:20:21.020346 #59936] DEBUG -- : Read 1368 bytes (7159 total)
D, [2013-03-18T09:20:21.024314 #59936] DEBUG -- : Read 1374 bytes (8533 total)
D, [2013-03-18T09:20:21.028393 #59936] DEBUG -- : Read 1374 bytes (9907 total)
D, [2013-03-18T09:20:21.032597 #59936] DEBUG -- : Read 1374 bytes (11281 total)
D, [2013-03-18T09:20:21.036450 #59936] DEBUG -- : Read 1374 bytes (12655 total)
D, [2013-03-18T09:20:21.040303 #59936] DEBUG -- : Read 1374 bytes (14029 total)
D, [2013-03-18T09:20:21.045761 #59936] DEBUG -- : Read 1374 bytes (15403 total)
D, [2013-03-18T09:20:21.048498 #59936] DEBUG -- : Read 1374 bytes (16777 total)
D, [2013-03-18T09:20:21.052622 #59936] DEBUG -- : Read 1374 bytes (18151 total)
D, [2013-03-18T09:20:21.056549 #59936] DEBUG -- : Read 780 bytes (18931 total)
D, [2013-03-18T09:20:21.056694 #59936] DEBUG -- : Read 587 bytes (19518 total)
D, [2013-03-18T09:20:21.060532 #59936] DEBUG -- : Read 1374 bytes (20892 total)
D, [2013-03-18T09:20:21.064455 #59936] DEBUG -- : Read 959 bytes (21851 total)
D, [2013-03-18T09:20:21.064586 #59936] DEBUG -- : Read 408 bytes (22259 total)
D, [2013-03-18T09:20:21.068479 #59936] DEBUG -- : Read 1087 bytes (23346 total)
D, [2013-03-18T09:20:21.068908 #59936] DEBUG -- : gzip response
D, [2013-03-18T09:20:21.085374 #59936] DEBUG -- : saved cookie: localization=en-us%3Bus%3Bus
D, [2013-03-18T09:20:21.087868 #59936] DEBUG -- : saved cookie: xb=27
I, [2013-03-18T09:20:55.801776 #59987]  INFO -- : Net::HTTP::Get: /photos/totaviva/sets/72157632174398126/
D, [2013-03-18T09:20:55.802033 #59987] DEBUG -- : request-header: accept => */*
D, [2013-03-18T09:20:55.802120 #59987] DEBUG -- : request-header: user-agent => Mechanize/2.5.1 Ruby/1.9.3p327 (http://github.com/tenderlove/mechanize/)
D, [2013-03-18T09:20:55.802207 #59987] DEBUG -- : request-header: accept-encoding => gzip,deflate,identity
D, [2013-03-18T09:20:55.802292 #59987] DEBUG -- : request-header: accept-charset => ISO-8859-1,utf-8;q=0.7,*;q=0.7
D, [2013-03-18T09:20:55.802374 #59987] DEBUG -- : request-header: accept-language => en-us,en;q=0.5
D, [2013-03-18T09:20:55.802456 #59987] DEBUG -- : request-header: host => www.flickr.com
I, [2013-03-18T09:20:56.104085 #59987]  INFO -- : status: Net::HTTPOK 1.1 200 OK
D, [2013-03-18T09:20:56.104243 #59987] DEBUG -- : response-header: age => 0
D, [2013-03-18T09:20:56.104319 #59987] DEBUG -- : response-header: cache-control => private
D, [2013-03-18T09:20:56.104395 #59987] DEBUG -- : response-header: connection => Keep-Alive
D, [2013-03-18T09:20:56.104470 #59987] DEBUG -- : response-header: content-encoding => gzip
D, [2013-03-18T09:20:56.104546 #59987] DEBUG -- : response-header: content-type => text/html; charset=utf-8
D, [2013-03-18T09:20:56.104631 #59987] DEBUG -- : response-header: date => Mon, 18 Mar 2013 13:20:56 GMT
D, [2013-03-18T09:20:56.104710 #59987] DEBUG -- : response-header: p3p => policyref="http://info.yahoo.com/w3c/p3p.xml", CP="CAO DSP COR CUR ADM DEV TAI PSA PSD IVAi IVDi CONi TELo OTPi OUR DELi SAMi OTRi UNRi PUBi IND PHY ONL UNI PUR FIN COM NAV INT DEM CNT STA POL HEA PRE LOC GOV"
D, [2013-03-18T09:20:56.104787 #59987] DEBUG -- : response-header: server => YTS/1.19.11
D, [2013-03-18T09:20:56.104865 #59987] DEBUG -- : response-header: set-cookie => localization=en-us%3Bus%3Bus; expires=Mon, 16-Mar-2015 13:20:56 GMT; path=/; domain=.flickr.com, xb=90; expires=Thu, 19-Mar-2015 13:20:56 GMT; path=/; domain=.flickr.com
D, [2013-03-18T09:20:56.104941 #59987] DEBUG -- : response-header: transfer-encoding => chunked
D, [2013-03-18T09:20:56.105026 #59987] DEBUG -- : response-header: vary => Accept-Encoding
D, [2013-03-18T09:20:56.105104 #59987] DEBUG -- : response-header: via => HTTP/1.1 r11.ycpi.ac4.yahoo.net UserFiberFramework/1.0
D, [2013-03-18T09:20:56.105182 #59987] DEBUG -- : response-header: x-served-by => www109.flickr.bf1.yahoo.com
D, [2013-03-18T09:20:56.105492 #59987] DEBUG -- : Read 605 bytes (605 total)
D, [2013-03-18T09:20:56.107243 #59987] DEBUG -- : Read 1374 bytes (1979 total)
D, [2013-03-18T09:20:56.111422 #59987] DEBUG -- : Read 1374 bytes (3353 total)
D, [2013-03-18T09:20:56.115318 #59987] DEBUG -- : Read 978 bytes (4331 total)
D, [2013-03-18T09:20:56.115539 #59987] DEBUG -- : Read 389 bytes (4720 total)
D, [2013-03-18T09:20:56.119175 #59987] DEBUG -- : Read 1071 bytes (5791 total)
D, [2013-03-18T09:20:56.123053 #59987] DEBUG -- : Read 1368 bytes (7159 total)
D, [2013-03-18T09:20:56.127184 #59987] DEBUG -- : Read 1374 bytes (8533 total)
D, [2013-03-18T09:20:56.131217 #59987] DEBUG -- : Read 1374 bytes (9907 total)
D, [2013-03-18T09:20:56.135127 #59987] DEBUG -- : Read 1374 bytes (11281 total)
D, [2013-03-18T09:20:56.139176 #59987] DEBUG -- : Read 1374 bytes (12655 total)
D, [2013-03-18T09:20:56.143320 #59987] DEBUG -- : Read 436 bytes (13091 total)
D, [2013-03-18T09:20:56.143573 #59987] DEBUG -- : Read 931 bytes (14022 total)
D, [2013-03-18T09:20:56.147449 #59987] DEBUG -- : Read 1374 bytes (15396 total)
D, [2013-03-18T09:20:56.151357 #59987] DEBUG -- : Read 615 bytes (16011 total)
D, [2013-03-18T09:20:56.151615 #59987] DEBUG -- : Read 752 bytes (16763 total)
D, [2013-03-18T09:20:56.155178 #59987] DEBUG -- : Read 708 bytes (17471 total)
D, [2013-03-18T09:20:56.155421 #59987] DEBUG -- : Read 659 bytes (18130 total)
D, [2013-03-18T09:20:56.157916 #59987] DEBUG -- : Read 801 bytes (18931 total)
D, [2013-03-18T09:20:56.162085 #59987] DEBUG -- : Read 1368 bytes (20299 total)
D, [2013-03-18T09:20:56.169258 #59987] DEBUG -- : Read 1374 bytes (21673 total)
D, [2013-03-18T09:20:56.169936 #59987] DEBUG -- : Read 1374 bytes (23047 total)
D, [2013-03-18T09:20:56.172914 #59987] DEBUG -- : Read 288 bytes (23335 total)
D, [2013-03-18T09:20:56.173399 #59987] DEBUG -- : gzip response
D, [2013-03-18T09:20:56.195629 #59987] DEBUG -- : saved cookie: localization=en-us%3Bus%3Bus
D, [2013-03-18T09:20:56.200392 #59987] DEBUG -- : saved cookie: xb=90
I, [2013-03-18T09:23:19.600332 #60042]  INFO -- : Net::HTTP::Get: /photos/totaviva/sets/72157632174398126/
D, [2013-03-18T09:23:19.600867 #60042] DEBUG -- : request-header: accept => */*
D, [2013-03-18T09:23:19.601040 #60042] DEBUG -- : request-header: user-agent => Mechanize/2.5.1 Ruby/1.9.3p327 (http://github.com/tenderlove/mechanize/)
D, [2013-03-18T09:23:19.601123 #60042] DEBUG -- : request-header: accept-encoding => gzip,deflate,identity
D, [2013-03-18T09:23:19.601202 #60042] DEBUG -- : request-header: accept-charset => ISO-8859-1,utf-8;q=0.7,*;q=0.7
D, [2013-03-18T09:23:19.601278 #60042] DEBUG -- : request-header: accept-language => en-us,en;q=0.5
D, [2013-03-18T09:23:19.601355 #60042] DEBUG -- : request-header: host => www.flickr.com
I, [2013-03-18T09:23:20.249064 #60042]  INFO -- : status: Net::HTTPOK 1.1 200 OK
D, [2013-03-18T09:23:20.249296 #60042] DEBUG -- : response-header: age => 0
D, [2013-03-18T09:23:20.249399 #60042] DEBUG -- : response-header: cache-control => private
D, [2013-03-18T09:23:20.249497 #60042] DEBUG -- : response-header: connection => Keep-Alive
D, [2013-03-18T09:23:20.249598 #60042] DEBUG -- : response-header: content-encoding => gzip
D, [2013-03-18T09:23:20.249700 #60042] DEBUG -- : response-header: content-type => text/html; charset=utf-8
D, [2013-03-18T09:23:20.249801 #60042] DEBUG -- : response-header: date => Mon, 18 Mar 2013 13:23:20 GMT
D, [2013-03-18T09:23:20.249907 #60042] DEBUG -- : response-header: p3p => policyref="http://info.yahoo.com/w3c/p3p.xml", CP="CAO DSP COR CUR ADM DEV TAI PSA PSD IVAi IVDi CONi TELo OTPi OUR DELi SAMi OTRi UNRi PUBi IND PHY ONL UNI PUR FIN COM NAV INT DEM CNT STA POL HEA PRE LOC GOV"
D, [2013-03-18T09:23:20.250006 #60042] DEBUG -- : response-header: server => YTS/1.19.11
D, [2013-03-18T09:23:20.250105 #60042] DEBUG -- : response-header: set-cookie => localization=en-us%3Bus%3Bus; expires=Mon, 16-Mar-2015 13:23:20 GMT; path=/; domain=.flickr.com, xb=75; expires=Thu, 19-Mar-2015 13:23:20 GMT; path=/; domain=.flickr.com
D, [2013-03-18T09:23:20.250203 #60042] DEBUG -- : response-header: transfer-encoding => chunked
D, [2013-03-18T09:23:20.250299 #60042] DEBUG -- : response-header: vary => Accept-Encoding
D, [2013-03-18T09:23:20.250396 #60042] DEBUG -- : response-header: via => HTTP/1.1 r11.ycpi.nyc.yahoo.net UserFiberFramework/1.0
D, [2013-03-18T09:23:20.250498 #60042] DEBUG -- : response-header: x-served-by => www10.flickr.bf1.yahoo.com
D, [2013-03-18T09:23:20.250980 #60042] DEBUG -- : Read 606 bytes (606 total)
D, [2013-03-18T09:23:20.251341 #60042] DEBUG -- : Read 3725 bytes (4331 total)
D, [2013-03-18T09:23:20.251523 #60042] DEBUG -- : Read 4511 bytes (8842 total)
D, [2013-03-18T09:23:20.254830 #60042] DEBUG -- : Read 1374 bytes (10216 total)
D, [2013-03-18T09:23:20.258827 #60042] DEBUG -- : Read 1374 bytes (11590 total)
D, [2013-03-18T09:23:20.260419 #60042] DEBUG -- : Read 41 bytes (11631 total)
D, [2013-03-18T09:23:20.269697 #60042] DEBUG -- : Read 1368 bytes (12999 total)
D, [2013-03-18T09:23:20.293538 #60042] DEBUG -- : Read 1374 bytes (14373 total)
D, [2013-03-18T09:23:20.293783 #60042] DEBUG -- : Read 1374 bytes (15747 total)
D, [2013-03-18T09:23:20.294121 #60042] DEBUG -- : Read 264 bytes (16011 total)
D, [2013-03-18T09:23:20.294317 #60042] DEBUG -- : Read 2920 bytes (18931 total)
D, [2013-03-18T09:23:20.294450 #60042] DEBUG -- : Read 923 bytes (19854 total)
D, [2013-03-18T09:23:20.294599 #60042] DEBUG -- : Read 1374 bytes (21228 total)
D, [2013-03-18T09:23:20.296757 #60042] DEBUG -- : Read 1374 bytes (22602 total)
D, [2013-03-18T09:23:20.299561 #60042] DEBUG -- : Read 729 bytes (23331 total)
D, [2013-03-18T09:23:20.299911 #60042] DEBUG -- : gzip response
D, [2013-03-18T09:23:20.322333 #60042] DEBUG -- : saved cookie: localization=en-us%3Bus%3Bus
D, [2013-03-18T09:23:20.325292 #60042] DEBUG -- : saved cookie: xb=75
I, [2013-03-18T09:31:09.232487 #60130]  INFO -- : Net::HTTP::Get: /photos/totaviva/sets/72157632174398126/
D, [2013-03-18T09:31:09.232643 #60130] DEBUG -- : request-header: accept => */*
D, [2013-03-18T09:31:09.232701 #60130] DEBUG -- : request-header: user-agent => Mechanize/2.5.1 Ruby/1.9.3p327 (http://github.com/tenderlove/mechanize/)
D, [2013-03-18T09:31:09.232755 #60130] DEBUG -- : request-header: accept-encoding => gzip,deflate,identity
D, [2013-03-18T09:31:09.232820 #60130] DEBUG -- : request-header: accept-charset => ISO-8859-1,utf-8;q=0.7,*;q=0.7
D, [2013-03-18T09:31:09.232900 #60130] DEBUG -- : request-header: accept-language => en-us,en;q=0.5
D, [2013-03-18T09:31:09.232985 #60130] DEBUG -- : request-header: host => www.flickr.com
I, [2013-03-18T09:31:09.961523 #60130]  INFO -- : status: Net::HTTPOK 1.1 200 OK
D, [2013-03-18T09:31:09.961715 #60130] DEBUG -- : response-header: age => 0
D, [2013-03-18T09:31:09.961817 #60130] DEBUG -- : response-header: cache-control => private
D, [2013-03-18T09:31:09.961954 #60130] DEBUG -- : response-header: connection => Keep-Alive
D, [2013-03-18T09:31:09.962070 #60130] DEBUG -- : response-header: content-encoding => gzip
D, [2013-03-18T09:31:09.962170 #60130] DEBUG -- : response-header: content-type => text/html; charset=utf-8
D, [2013-03-18T09:31:09.962267 #60130] DEBUG -- : response-header: date => Mon, 18 Mar 2013 13:31:10 GMT
D, [2013-03-18T09:31:09.962372 #60130] DEBUG -- : response-header: p3p => policyref="http://info.yahoo.com/w3c/p3p.xml", CP="CAO DSP COR CUR ADM DEV TAI PSA PSD IVAi IVDi CONi TELo OTPi OUR DELi SAMi OTRi UNRi PUBi IND PHY ONL UNI PUR FIN COM NAV INT DEM CNT STA POL HEA PRE LOC GOV"
D, [2013-03-18T09:31:09.962467 #60130] DEBUG -- : response-header: server => YTS/1.20.20
D, [2013-03-18T09:31:09.962561 #60130] DEBUG -- : response-header: set-cookie => localization=en-us%3Bus%3Bus; expires=Mon, 16-Mar-2015 13:31:10 GMT; path=/; domain=.flickr.com, xb=14; expires=Thu, 19-Mar-2015 13:31:10 GMT; path=/; domain=.flickr.com
D, [2013-03-18T09:31:09.962640 #60130] DEBUG -- : response-header: transfer-encoding => chunked
D, [2013-03-18T09:31:09.962715 #60130] DEBUG -- : response-header: vary => Accept-Encoding
D, [2013-03-18T09:31:09.962790 #60130] DEBUG -- : response-header: via => HTTP/1.1 r19.ycpi.ne1.yahoo.net (YahooTrafficServer/1.20.20 [cMsSf ]), HTTP/1.1 r06.ycpi.ac4.yahoo.net UserFiberFramework/1.0
D, [2013-03-18T09:31:09.962866 #60130] DEBUG -- : response-header: x-served-by => www6.flickr.mud.yahoo.com
D, [2013-03-18T09:31:09.963189 #60130] DEBUG -- : Read 1910 bytes (1910 total)
D, [2013-03-18T09:31:09.963357 #60130] DEBUG -- : Read 2421 bytes (4331 total)
D, [2013-03-18T09:31:09.963511 #60130] DEBUG -- : Read 5564 bytes (9895 total)
D, [2013-03-18T09:31:09.966400 #60130] DEBUG -- : Read 1374 bytes (11269 total)
D, [2013-03-18T09:31:09.970262 #60130] DEBUG -- : Read 1374 bytes (12643 total)
D, [2013-03-18T09:31:09.976266 #60130] DEBUG -- : Read 1374 bytes (14017 total)
D, [2013-03-18T09:31:09.979155 #60130] DEBUG -- : Read 1374 bytes (15391 total)
D, [2013-03-18T09:31:10.010293 #60130] DEBUG -- : Read 7955 bytes (23346 total)
D, [2013-03-18T09:31:10.010881 #60130] DEBUG -- : gzip response
D, [2013-03-18T09:31:10.031263 #60130] DEBUG -- : saved cookie: localization=en-us%3Bus%3Bus
D, [2013-03-18T09:31:10.033599 #60130] DEBUG -- : saved cookie: xb=14
I, [2013-03-18T09:37:09.318590 #60230]  INFO -- : Net::HTTP::Get: /photos/totaviva/sets/72157632174398126/
D, [2013-03-18T09:37:09.318757 #60230] DEBUG -- : request-header: accept => */*
D, [2013-03-18T09:37:09.318816 #60230] DEBUG -- : request-header: user-agent => Mechanize/2.5.1 Ruby/1.9.3p327 (http://github.com/tenderlove/mechanize/)
D, [2013-03-18T09:37:09.318903 #60230] DEBUG -- : request-header: accept-encoding => gzip,deflate,identity
D, [2013-03-18T09:37:09.318961 #60230] DEBUG -- : request-header: accept-charset => ISO-8859-1,utf-8;q=0.7,*;q=0.7
D, [2013-03-18T09:37:09.319014 #60230] DEBUG -- : request-header: accept-language => en-us,en;q=0.5
D, [2013-03-18T09:37:09.319066 #60230] DEBUG -- : request-header: host => www.flickr.com
I, [2013-03-18T09:37:10.002068 #60230]  INFO -- : status: Net::HTTPOK 1.1 200 OK
D, [2013-03-18T09:37:10.002247 #60230] DEBUG -- : response-header: age => 0
D, [2013-03-18T09:37:10.002366 #60230] DEBUG -- : response-header: cache-control => private
D, [2013-03-18T09:37:10.002489 #60230] DEBUG -- : response-header: connection => Keep-Alive
D, [2013-03-18T09:37:10.002585 #60230] DEBUG -- : response-header: content-encoding => gzip
D, [2013-03-18T09:37:10.002700 #60230] DEBUG -- : response-header: content-type => text/html; charset=utf-8
D, [2013-03-18T09:37:10.002786 #60230] DEBUG -- : response-header: date => Mon, 18 Mar 2013 13:37:10 GMT
D, [2013-03-18T09:37:10.002883 #60230] DEBUG -- : response-header: p3p => policyref="http://info.yahoo.com/w3c/p3p.xml", CP="CAO DSP COR CUR ADM DEV TAI PSA PSD IVAi IVDi CONi TELo OTPi OUR DELi SAMi OTRi UNRi PUBi IND PHY ONL UNI PUR FIN COM NAV INT DEM CNT STA POL HEA PRE LOC GOV"
D, [2013-03-18T09:37:10.002966 #60230] DEBUG -- : response-header: server => YTS/1.19.11
D, [2013-03-18T09:37:10.003045 #60230] DEBUG -- : response-header: set-cookie => localization=en-us%3Bus%3Bus; expires=Mon, 16-Mar-2015 13:37:10 GMT; path=/; domain=.flickr.com, xb=92; expires=Thu, 19-Mar-2015 13:37:10 GMT; path=/; domain=.flickr.com
D, [2013-03-18T09:37:10.003124 #60230] DEBUG -- : response-header: transfer-encoding => chunked
D, [2013-03-18T09:37:10.003209 #60230] DEBUG -- : response-header: vary => Accept-Encoding
D, [2013-03-18T09:37:10.003297 #60230] DEBUG -- : response-header: via => HTTP/1.1 r21.ycpi.ac4.yahoo.net UserFiberFramework/1.0
D, [2013-03-18T09:37:10.003377 #60230] DEBUG -- : response-header: x-served-by => www102.flickr.bf1.yahoo.com
D, [2013-03-18T09:37:10.003707 #60230] DEBUG -- : Read 605 bytes (605 total)
D, [2013-03-18T09:37:10.003835 #60230] DEBUG -- : Read 3726 bytes (4331 total)
D, [2013-03-18T09:37:10.003987 #60230] DEBUG -- : Read 5884 bytes (10215 total)
D, [2013-03-18T09:37:10.007014 #60230] DEBUG -- : Read 1374 bytes (11589 total)
D, [2013-03-18T09:37:10.010954 #60230] DEBUG -- : Read 1374 bytes (12963 total)
D, [2013-03-18T09:37:10.017482 #60230] DEBUG -- : Read 1374 bytes (14337 total)
D, [2013-03-18T09:37:10.020880 #60230] DEBUG -- : Read 1374 bytes (15711 total)
D, [2013-03-18T09:37:10.025174 #60230] DEBUG -- : Read 1374 bytes (17085 total)
D, [2013-03-18T09:37:10.028972 #60230] DEBUG -- : Read 1374 bytes (18459 total)
D, [2013-03-18T09:37:10.032797 #60230] DEBUG -- : Read 472 bytes (18931 total)
D, [2013-03-18T09:37:10.032957 #60230] DEBUG -- : Read 895 bytes (19826 total)
D, [2013-03-18T09:37:10.036709 #60230] DEBUG -- : Read 565 bytes (20391 total)
D, [2013-03-18T09:37:10.036878 #60230] DEBUG -- : Read 802 bytes (21193 total)
D, [2013-03-18T09:37:10.040786 #60230] DEBUG -- : Read 658 bytes (21851 total)
D, [2013-03-18T09:37:10.040924 #60230] DEBUG -- : Read 709 bytes (22560 total)
D, [2013-03-18T09:37:10.044043 #60230] DEBUG -- : Read 775 bytes (23335 total)
D, [2013-03-18T09:37:10.044501 #60230] DEBUG -- : gzip response
D, [2013-03-18T09:37:10.067120 #60230] DEBUG -- : saved cookie: localization=en-us%3Bus%3Bus
D, [2013-03-18T09:37:10.069800 #60230] DEBUG -- : saved cookie: xb=92
I, [2013-03-18T09:37:32.409849 #60277]  INFO -- : Net::HTTP::Get: /photos/totaviva/sets/72157632174398126/
D, [2013-03-18T09:37:32.410011 #60277] DEBUG -- : request-header: accept => */*
D, [2013-03-18T09:37:32.410069 #60277] DEBUG -- : request-header: user-agent => Mechanize/2.5.1 Ruby/1.9.3p327 (http://github.com/tenderlove/mechanize/)
D, [2013-03-18T09:37:32.410124 #60277] DEBUG -- : request-header: accept-encoding => gzip,deflate,identity
D, [2013-03-18T09:37:32.410177 #60277] DEBUG -- : request-header: accept-charset => ISO-8859-1,utf-8;q=0.7,*;q=0.7
D, [2013-03-18T09:37:32.410261 #60277] DEBUG -- : request-header: accept-language => en-us,en;q=0.5
D, [2013-03-18T09:37:32.410315 #60277] DEBUG -- : request-header: host => www.flickr.com
I, [2013-03-18T09:37:32.734936 #60277]  INFO -- : status: Net::HTTPOK 1.1 200 OK
D, [2013-03-18T09:37:32.735116 #60277] DEBUG -- : response-header: age => 0
D, [2013-03-18T09:37:32.735198 #60277] DEBUG -- : response-header: cache-control => private
D, [2013-03-18T09:37:32.735273 #60277] DEBUG -- : response-header: connection => Keep-Alive
D, [2013-03-18T09:37:32.735347 #60277] DEBUG -- : response-header: content-encoding => gzip
D, [2013-03-18T09:37:32.735422 #60277] DEBUG -- : response-header: content-type => text/html; charset=utf-8
D, [2013-03-18T09:37:32.735498 #60277] DEBUG -- : response-header: date => Mon, 18 Mar 2013 13:37:32 GMT
D, [2013-03-18T09:37:32.735574 #60277] DEBUG -- : response-header: p3p => policyref="http://info.yahoo.com/w3c/p3p.xml", CP="CAO DSP COR CUR ADM DEV TAI PSA PSD IVAi IVDi CONi TELo OTPi OUR DELi SAMi OTRi UNRi PUBi IND PHY ONL UNI PUR FIN COM NAV INT DEM CNT STA POL HEA PRE LOC GOV"
D, [2013-03-18T09:37:32.735651 #60277] DEBUG -- : response-header: server => YTS/1.19.11
D, [2013-03-18T09:37:32.735727 #60277] DEBUG -- : response-header: set-cookie => localization=en-us%3Bus%3Bus; expires=Mon, 16-Mar-2015 13:37:32 GMT; path=/; domain=.flickr.com, xb=77; expires=Thu, 19-Mar-2015 13:37:32 GMT; path=/; domain=.flickr.com
D, [2013-03-18T09:37:32.735803 #60277] DEBUG -- : response-header: transfer-encoding => chunked
D, [2013-03-18T09:37:32.735878 #60277] DEBUG -- : response-header: vary => Accept-Encoding
D, [2013-03-18T09:37:32.735953 #60277] DEBUG -- : response-header: via => HTTP/1.1 r19.ycpi.ac4.yahoo.net UserFiberFramework/1.0
D, [2013-03-18T09:37:32.736029 #60277] DEBUG -- : response-header: x-served-by => www75.flickr.bf1.yahoo.com
D, [2013-03-18T09:37:32.736336 #60277] DEBUG -- : Read 606 bytes (606 total)
D, [2013-03-18T09:37:32.736463 #60277] DEBUG -- : Read 3725 bytes (4331 total)
D, [2013-03-18T09:37:32.736603 #60277] DEBUG -- : Read 5840 bytes (10171 total)
D, [2013-03-18T09:37:32.736786 #60277] DEBUG -- : Read 2742 bytes (12913 total)
D, [2013-03-18T09:37:32.751084 #60277] DEBUG -- : Read 1374 bytes (14287 total)
D, [2013-03-18T09:37:32.756051 #60277] DEBUG -- : Read 1374 bytes (15661 total)
D, [2013-03-18T09:37:32.758562 #60277] DEBUG -- : Read 1374 bytes (17035 total)
D, [2013-03-18T09:37:32.762641 #60277] DEBUG -- : Read 1374 bytes (18409 total)
D, [2013-03-18T09:37:32.766520 #60277] DEBUG -- : Read 522 bytes (18931 total)
D, [2013-03-18T09:37:32.766675 #60277] DEBUG -- : Read 844 bytes (19775 total)
D, [2013-03-18T09:37:32.770600 #60277] DEBUG -- : Read 1374 bytes (21149 total)
D, [2013-03-18T09:37:32.774553 #60277] DEBUG -- : Read 1374 bytes (22523 total)
D, [2013-03-18T09:37:32.777453 #60277] DEBUG -- : Read 813 bytes (23336 total)
D, [2013-03-18T09:37:32.777722 #60277] DEBUG -- : gzip response
D, [2013-03-18T09:37:32.794102 #60277] DEBUG -- : saved cookie: localization=en-us%3Bus%3Bus
D, [2013-03-18T09:37:32.796373 #60277] DEBUG -- : saved cookie: xb=77
I, [2013-03-18T09:37:32.799153 #60277]  INFO -- : Net::HTTP::Get: //photos/totaviva/8245225690/in/set-72157632174398126
D, [2013-03-18T09:37:32.799216 #60277] DEBUG -- : request-header: accept => */*
D, [2013-03-18T09:37:32.799267 #60277] DEBUG -- : request-header: user-agent => Mechanize/2.5.1 Ruby/1.9.3p327 (http://github.com/tenderlove/mechanize/)
D, [2013-03-18T09:37:32.799317 #60277] DEBUG -- : request-header: accept-encoding => gzip,deflate,identity
D, [2013-03-18T09:37:32.799366 #60277] DEBUG -- : request-header: accept-charset => ISO-8859-1,utf-8;q=0.7,*;q=0.7
D, [2013-03-18T09:37:32.799413 #60277] DEBUG -- : request-header: accept-language => en-us,en;q=0.5
D, [2013-03-18T09:37:32.799461 #60277] DEBUG -- : request-header: cookie => localization=en-us%3Bus%3Bus; xb=77
D, [2013-03-18T09:37:32.799508 #60277] DEBUG -- : request-header: host => www.flickr.com
I, [2013-03-18T09:37:33.144071 #60277]  INFO -- : status: Net::HTTPOK 1.1 200 OK
D, [2013-03-18T09:37:33.144249 #60277] DEBUG -- : response-header: age => 0
D, [2013-03-18T09:37:33.144337 #60277] DEBUG -- : response-header: cache-control => private
D, [2013-03-18T09:37:33.144420 #60277] DEBUG -- : response-header: connection => Keep-Alive
D, [2013-03-18T09:37:33.144503 #60277] DEBUG -- : response-header: content-encoding => gzip
D, [2013-03-18T09:37:33.144587 #60277] DEBUG -- : response-header: content-type => text/html; charset=utf-8
D, [2013-03-18T09:37:33.144671 #60277] DEBUG -- : response-header: date => Mon, 18 Mar 2013 13:37:33 GMT
D, [2013-03-18T09:37:33.144758 #60277] DEBUG -- : response-header: p3p => policyref="http://info.yahoo.com/w3c/p3p.xml", CP="CAO DSP COR CUR ADM DEV TAI PSA PSD IVAi IVDi CONi TELo OTPi OUR DELi SAMi OTRi UNRi PUBi IND PHY ONL UNI PUR FIN COM NAV INT DEM CNT STA POL HEA PRE LOC GOV"
D, [2013-03-18T09:37:33.144848 #60277] DEBUG -- : response-header: server => YTS/1.19.11
D, [2013-03-18T09:37:33.144935 #60277] DEBUG -- : response-header: set-cookie => localization=en-us%3Bus%3Bus; expires=Mon, 16-Mar-2015 13:37:33 GMT; path=/; domain=.flickr.com, fldetectedlang=en-us; expires=Fri, 17-May-2013 13:37:33 GMT; path=/; domain=.flickr.com
D, [2013-03-18T09:37:33.145021 #60277] DEBUG -- : response-header: transfer-encoding => chunked
D, [2013-03-18T09:37:33.145107 #60277] DEBUG -- : response-header: vary => Accept-Encoding
D, [2013-03-18T09:37:33.145194 #60277] DEBUG -- : response-header: via => HTTP/1.1 r19.ycpi.ac4.yahoo.net UserFiberFramework/1.0
D, [2013-03-18T09:37:33.145281 #60277] DEBUG -- : response-header: x-served-by => www119.flickr.bf1.yahoo.com
D, [2013-03-18T09:37:33.145475 #60277] DEBUG -- : Read 590 bytes (590 total)
D, [2013-03-18T09:37:33.145650 #60277] DEBUG -- : Read 7343 bytes (7933 total)
D, [2013-03-18T09:37:33.145781 #60277] DEBUG -- : Read 893 bytes (8826 total)
D, [2013-03-18T09:37:33.147284 #60277] DEBUG -- : Read 1374 bytes (10200 total)
D, [2013-03-18T09:37:33.151377 #60277] DEBUG -- : Read 1374 bytes (11574 total)
D, [2013-03-18T09:37:33.155364 #60277] DEBUG -- : Read 1374 bytes (12948 total)
D, [2013-03-18T09:37:33.159328 #60277] DEBUG -- : Read 1374 bytes (14322 total)
D, [2013-03-18T09:37:33.163450 #60277] DEBUG -- : Read 1374 bytes (15696 total)
D, [2013-03-18T09:37:33.167277 #60277] DEBUG -- : Read 1374 bytes (17070 total)
D, [2013-03-18T09:37:33.171396 #60277] DEBUG -- : Read 1374 bytes (18444 total)
D, [2013-03-18T09:37:33.175335 #60277] DEBUG -- : Read 1169 bytes (19613 total)
D, [2013-03-18T09:37:33.175480 #60277] DEBUG -- : Read 197 bytes (19810 total)
D, [2013-03-18T09:37:33.179350 #60277] DEBUG -- : Read 1374 bytes (21184 total)
D, [2013-03-18T09:37:33.183320 #60277] DEBUG -- : Read 1374 bytes (22558 total)
D, [2013-03-18T09:37:33.187292 #60277] DEBUG -- : Read 1374 bytes (23932 total)
D, [2013-03-18T09:37:33.191320 #60277] DEBUG -- : Read 61 bytes (23993 total)
D, [2013-03-18T09:37:33.191459 #60277] DEBUG -- : Read 1305 bytes (25298 total)
D, [2013-03-18T09:37:33.195435 #60277] DEBUG -- : Read 1374 bytes (26672 total)
D, [2013-03-18T09:37:33.199295 #60277] DEBUG -- : Read 1374 bytes (28046 total)
D, [2013-03-18T09:37:33.203433 #60277] DEBUG -- : Read 1374 bytes (29420 total)
D, [2013-03-18T09:37:33.207329 #60277] DEBUG -- : Read 1374 bytes (30794 total)
D, [2013-03-18T09:37:33.211590 #60277] DEBUG -- : Read 1374 bytes (32168 total)
D, [2013-03-18T09:37:33.215483 #60277] DEBUG -- : Read 1374 bytes (33542 total)
D, [2013-03-18T09:37:33.218296 #60277] DEBUG -- : Read 971 bytes (34513 total)
D, [2013-03-18T09:37:33.218602 #60277] DEBUG -- : gzip response
D, [2013-03-18T09:37:33.241773 #60277] DEBUG -- : saved cookie: localization=en-us%3Bus%3Bus
D, [2013-03-18T09:37:33.244840 #60277] DEBUG -- : saved cookie: fldetectedlang=en-us
I, [2013-03-18T09:40:26.791733 #60336]  INFO -- : Net::HTTP::Get: /photos/totaviva/sets/72157632174398126/
D, [2013-03-18T09:40:26.791893 #60336] DEBUG -- : request-header: accept => */*
D, [2013-03-18T09:40:26.791952 #60336] DEBUG -- : request-header: user-agent => Mechanize/2.5.1 Ruby/1.9.3p327 (http://github.com/tenderlove/mechanize/)
D, [2013-03-18T09:40:26.792037 #60336] DEBUG -- : request-header: accept-encoding => gzip,deflate,identity
D, [2013-03-18T09:40:26.792092 #60336] DEBUG -- : request-header: accept-charset => ISO-8859-1,utf-8;q=0.7,*;q=0.7
D, [2013-03-18T09:40:26.792142 #60336] DEBUG -- : request-header: accept-language => en-us,en;q=0.5
D, [2013-03-18T09:40:26.792193 #60336] DEBUG -- : request-header: host => www.flickr.com
I, [2013-03-18T09:40:27.531718 #60336]  INFO -- : status: Net::HTTPOK 1.1 200 OK
D, [2013-03-18T09:40:27.531989 #60336] DEBUG -- : response-header: age => 0
D, [2013-03-18T09:40:27.532079 #60336] DEBUG -- : response-header: cache-control => private
D, [2013-03-18T09:40:27.532192 #60336] DEBUG -- : response-header: connection => Keep-Alive
D, [2013-03-18T09:40:27.532291 #60336] DEBUG -- : response-header: content-encoding => gzip
D, [2013-03-18T09:40:27.532372 #60336] DEBUG -- : response-header: content-type => text/html; charset=utf-8
D, [2013-03-18T09:40:27.532449 #60336] DEBUG -- : response-header: date => Mon, 18 Mar 2013 13:40:27 GMT
D, [2013-03-18T09:40:27.532579 #60336] DEBUG -- : response-header: p3p => policyref="http://info.yahoo.com/w3c/p3p.xml", CP="CAO DSP COR CUR ADM DEV TAI PSA PSD IVAi IVDi CONi TELo OTPi OUR DELi SAMi OTRi UNRi PUBi IND PHY ONL UNI PUR FIN COM NAV INT DEM CNT STA POL HEA PRE LOC GOV"
D, [2013-03-18T09:40:27.532734 #60336] DEBUG -- : response-header: server => YTS/1.19.11
D, [2013-03-18T09:40:27.532933 #60336] DEBUG -- : response-header: set-cookie => localization=en-us%3Bus%3Bus; expires=Mon, 16-Mar-2015 13:40:27 GMT; path=/; domain=.flickr.com, xb=25; expires=Thu, 19-Mar-2015 13:40:27 GMT; path=/; domain=.flickr.com
D, [2013-03-18T09:40:27.533151 #60336] DEBUG -- : response-header: transfer-encoding => chunked
D, [2013-03-18T09:40:27.533344 #60336] DEBUG -- : response-header: vary => Accept-Encoding
D, [2013-03-18T09:40:27.533551 #60336] DEBUG -- : response-header: via => HTTP/1.1 r25.ycpi.ac4.yahoo.net UserFiberFramework/1.0
D, [2013-03-18T09:40:27.533763 #60336] DEBUG -- : response-header: x-served-by => www89.flickr.bf1.yahoo.com
D, [2013-03-18T09:40:27.534330 #60336] DEBUG -- : Read 606 bytes (606 total)
D, [2013-03-18T09:40:27.534463 #60336] DEBUG -- : Read 3725 bytes (4331 total)
D, [2013-03-18T09:40:27.534599 #60336] DEBUG -- : Read 8633 bytes (12964 total)
D, [2013-03-18T09:40:27.547735 #60336] DEBUG -- : Read 1374 bytes (14338 total)
D, [2013-03-18T09:40:27.551173 #60336] DEBUG -- : Read 1374 bytes (15712 total)
D, [2013-03-18T09:40:27.555266 #60336] DEBUG -- : Read 1374 bytes (17086 total)
D, [2013-03-18T09:40:27.559226 #60336] DEBUG -- : Read 1374 bytes (18460 total)
D, [2013-03-18T09:40:27.563199 #60336] DEBUG -- : Read 471 bytes (18931 total)
D, [2013-03-18T09:40:27.563399 #60336] DEBUG -- : Read 895 bytes (19826 total)
D, [2013-03-18T09:40:27.567246 #60336] DEBUG -- : Read 1374 bytes (21200 total)
D, [2013-03-18T09:40:27.571374 #60336] DEBUG -- : Read 1374 bytes (22574 total)
D, [2013-03-18T09:40:27.573934 #60336] DEBUG -- : Read 772 bytes (23346 total)
D, [2013-03-18T09:40:27.574382 #60336] DEBUG -- : gzip response
D, [2013-03-18T09:40:27.594602 #60336] DEBUG -- : saved cookie: localization=en-us%3Bus%3Bus
D, [2013-03-18T09:40:27.596903 #60336] DEBUG -- : saved cookie: xb=25
I, [2013-03-18T09:42:06.030003 #60391]  INFO -- : Net::HTTP::Get: /photos/totaviva/sets/72157632174398126/
D, [2013-03-18T09:42:06.030164 #60391] DEBUG -- : request-header: accept => */*
D, [2013-03-18T09:42:06.030223 #60391] DEBUG -- : request-header: user-agent => Mechanize/2.5.1 Ruby/1.9.3p327 (http://github.com/tenderlove/mechanize/)
D, [2013-03-18T09:42:06.030277 #60391] DEBUG -- : request-header: accept-encoding => gzip,deflate,identity
D, [2013-03-18T09:42:06.030330 #60391] DEBUG -- : request-header: accept-charset => ISO-8859-1,utf-8;q=0.7,*;q=0.7
D, [2013-03-18T09:42:06.030382 #60391] DEBUG -- : request-header: accept-language => en-us,en;q=0.5
D, [2013-03-18T09:42:06.030433 #60391] DEBUG -- : request-header: host => www.flickr.com
I, [2013-03-18T09:42:06.673617 #60391]  INFO -- : status: Net::HTTPOK 1.1 200 OK
D, [2013-03-18T09:42:06.673811 #60391] DEBUG -- : response-header: date => Mon, 18 Mar 2013 13:42:06 GMT
D, [2013-03-18T09:42:06.673915 #60391] DEBUG -- : response-header: p3p => policyref="http://info.yahoo.com/w3c/p3p.xml", CP="CAO DSP COR CUR ADM DEV TAI PSA PSD IVAi IVDi CONi TELo OTPi OUR DELi SAMi OTRi UNRi PUBi IND PHY ONL UNI PUR FIN COM NAV INT DEM CNT STA POL HEA PRE LOC GOV"
D, [2013-03-18T09:42:06.674016 #60391] DEBUG -- : response-header: set-cookie => localization=en-us%3Bus%3Bus; expires=Mon, 16-Mar-2015 13:42:06 GMT; path=/; domain=.flickr.com, xb=67; expires=Thu, 19-Mar-2015 13:42:07 GMT; path=/; domain=.flickr.com
D, [2013-03-18T09:42:06.674112 #60391] DEBUG -- : response-header: cache-control => private
D, [2013-03-18T09:42:06.674209 #60391] DEBUG -- : response-header: x-served-by => www226.flickr.mud.yahoo.com
D, [2013-03-18T09:42:06.674305 #60391] DEBUG -- : response-header: vary => Accept-Encoding
D, [2013-03-18T09:42:06.674399 #60391] DEBUG -- : response-header: content-encoding => gzip
D, [2013-03-18T09:42:06.674495 #60391] DEBUG -- : response-header: content-type => text/html; charset=utf-8
D, [2013-03-18T09:42:06.674590 #60391] DEBUG -- : response-header: age => 3
D, [2013-03-18T09:42:06.674687 #60391] DEBUG -- : response-header: via => HTTP/1.1 r08.ycpi.ne1.yahoo.net (YahooTrafficServer/1.20.20 [cMsSf ]), HTTP/1.1 r06.ycpi.che.yahoo.net (YahooTrafficServer/1.20.20 [cMsSf ])
D, [2013-03-18T09:42:06.674784 #60391] DEBUG -- : response-header: server => YTS/1.20.20
D, [2013-03-18T09:42:06.674891 #60391] DEBUG -- : response-header: transfer-encoding => chunked
D, [2013-03-18T09:42:06.674987 #60391] DEBUG -- : response-header: connection => keep-alive
D, [2013-03-18T09:42:06.675336 #60391] DEBUG -- : Read 520 bytes (520 total)
D, [2013-03-18T09:42:06.677194 #60391] DEBUG -- : Read 1374 bytes (1894 total)
D, [2013-03-18T09:42:06.714303 #60391] DEBUG -- : Read 1374 bytes (3268 total)
D, [2013-03-18T09:42:06.717782 #60391] DEBUG -- : Read 1063 bytes (4331 total)
D, [2013-03-18T09:42:06.819339 #60391] DEBUG -- : Read 1368 bytes (5699 total)
D, [2013-03-18T09:42:06.822745 #60391] DEBUG -- : Read 74 bytes (5773 total)
D, [2013-03-18T09:42:06.827169 #60391] DEBUG -- : Read 1374 bytes (7147 total)
D, [2013-03-18T09:42:06.859408 #60391] DEBUG -- : Read 1374 bytes (8521 total)
D, [2013-03-18T09:42:06.862964 #60391] DEBUG -- : Read 1374 bytes (9895 total)
D, [2013-03-18T09:42:06.867023 #60391] DEBUG -- : Read 1374 bytes (11269 total)
D, [2013-03-18T09:42:06.896236 #60391] DEBUG -- : Read 1374 bytes (12643 total)
D, [2013-03-18T09:42:06.899931 #60391] DEBUG -- : Read 1374 bytes (14017 total)
D, [2013-03-18T09:42:06.903877 #60391] DEBUG -- : Read 1374 bytes (15391 total)
D, [2013-03-18T09:42:06.908330 #60391] DEBUG -- : Read 1374 bytes (16765 total)
D, [2013-03-18T09:42:06.911988 #60391] DEBUG -- : Read 1374 bytes (18139 total)
D, [2013-03-18T09:42:06.932887 #60391] DEBUG -- : Read 1374 bytes (19513 total)
D, [2013-03-18T09:42:06.936670 #60391] DEBUG -- : Read 1374 bytes (20887 total)
D, [2013-03-18T09:42:06.940890 #60391] DEBUG -- : Read 1374 bytes (22261 total)
D, [2013-03-18T09:42:06.944585 #60391] DEBUG -- : Read 1082 bytes (23343 total)
D, [2013-03-18T09:42:06.945017 #60391] DEBUG -- : gzip response
D, [2013-03-18T09:42:06.962688 #60391] DEBUG -- : saved cookie: localization=en-us%3Bus%3Bus
D, [2013-03-18T09:42:06.965345 #60391] DEBUG -- : saved cookie: xb=67
I, [2013-03-18T09:42:06.968275 #60391]  INFO -- : Net::HTTP::Get: //photos/totaviva/8245225690/in/set-72157632174398126/lightbox/
D, [2013-03-18T09:42:06.968344 #60391] DEBUG -- : request-header: accept => */*
D, [2013-03-18T09:42:06.968397 #60391] DEBUG -- : request-header: user-agent => Mechanize/2.5.1 Ruby/1.9.3p327 (http://github.com/tenderlove/mechanize/)
D, [2013-03-18T09:42:06.968445 #60391] DEBUG -- : request-header: accept-encoding => gzip,deflate,identity
D, [2013-03-18T09:42:06.968492 #60391] DEBUG -- : request-header: accept-charset => ISO-8859-1,utf-8;q=0.7,*;q=0.7
D, [2013-03-18T09:42:06.968572 #60391] DEBUG -- : request-header: accept-language => en-us,en;q=0.5
D, [2013-03-18T09:42:06.968623 #60391] DEBUG -- : request-header: cookie => localization=en-us%3Bus%3Bus; xb=67
D, [2013-03-18T09:42:06.968671 #60391] DEBUG -- : request-header: host => www.flickr.com
I, [2013-03-18T09:42:07.475408 #60391]  INFO -- : status: Net::HTTPOK 1.1 200 OK
D, [2013-03-18T09:42:07.475604 #60391] DEBUG -- : response-header: cache-control => private
D, [2013-03-18T09:42:07.475688 #60391] DEBUG -- : response-header: content-encoding => gzip
D, [2013-03-18T09:42:07.475763 #60391] DEBUG -- : response-header: content-type => text/html; charset=utf-8
D, [2013-03-18T09:42:07.475820 #60391] DEBUG -- : response-header: date => Mon, 18 Mar 2013 13:42:07 GMT
D, [2013-03-18T09:42:07.475873 #60391] DEBUG -- : response-header: p3p => policyref="http://info.yahoo.com/w3c/p3p.xml", CP="CAO DSP COR CUR ADM DEV TAI PSA PSD IVAi IVDi CONi TELo OTPi OUR DELi SAMi OTRi UNRi PUBi IND PHY ONL UNI PUR FIN COM NAV INT DEM CNT STA POL HEA PRE LOC GOV"
D, [2013-03-18T09:42:07.475926 #60391] DEBUG -- : response-header: server => YTS/1.20.20
D, [2013-03-18T09:42:07.475978 #60391] DEBUG -- : response-header: set-cookie => localization=en-us%3Bus%3Bus; expires=Mon, 16-Mar-2015 13:42:07 GMT; path=/; domain=.flickr.com, fldetectedlang=en-us; expires=Fri, 17-May-2013 13:42:07 GMT; path=/; domain=.flickr.com
D, [2013-03-18T09:42:07.476039 #60391] DEBUG -- : response-header: vary => Accept-Encoding
D, [2013-03-18T09:42:07.476125 #60391] DEBUG -- : response-header: via => HTTP/1.1 r13.ycpi.mud.yahoo.net UserFiberFramework/1.0, HTTP/1.1 r06.ycpi.che.yahoo.net (YahooTrafficServer/1.20.20 [cMsSf ])
D, [2013-03-18T09:42:07.476182 #60391] DEBUG -- : response-header: x-served-by => www212.flickr.mud.yahoo.com
D, [2013-03-18T09:42:07.476234 #60391] DEBUG -- : response-header: age => 0
D, [2013-03-18T09:42:07.476285 #60391] DEBUG -- : response-header: transfer-encoding => chunked
D, [2013-03-18T09:42:07.476336 #60391] DEBUG -- : response-header: connection => keep-alive
D, [2013-03-18T09:42:07.476498 #60391] DEBUG -- : Read 1894 bytes (1894 total)
D, [2013-03-18T09:42:07.476624 #60391] DEBUG -- : Read 6040 bytes (7934 total)
D, [2013-03-18T09:42:07.476724 #60391] DEBUG -- : Read 3570 bytes (11504 total)
D, [2013-03-18T09:42:07.512327 #60391] DEBUG -- : Read 1374 bytes (12878 total)
D, [2013-03-18T09:42:07.515751 #60391] DEBUG -- : Read 1374 bytes (14252 total)
D, [2013-03-18T09:42:07.519907 #60391] DEBUG -- : Read 1374 bytes (15626 total)
D, [2013-03-18T09:42:07.523575 #60391] DEBUG -- : Read 1374 bytes (17000 total)
D, [2013-03-18T09:42:07.527836 #60391] DEBUG -- : Read 1374 bytes (18374 total)
D, [2013-03-18T09:42:07.531884 #60391] DEBUG -- : Read 1374 bytes (19748 total)
D, [2013-03-18T09:42:07.535865 #60391] DEBUG -- : Read 1374 bytes (21122 total)
D, [2013-03-18T09:42:07.539517 #60391] DEBUG -- : Read 1374 bytes (22496 total)
D, [2013-03-18T09:42:07.543914 #60391] DEBUG -- : Read 1374 bytes (23870 total)
D, [2013-03-18T09:42:07.547820 #60391] DEBUG -- : Read 1374 bytes (25244 total)
D, [2013-03-18T09:42:07.551964 #60391] DEBUG -- : Read 1374 bytes (26618 total)
D, [2013-03-18T09:42:07.555908 #60391] DEBUG -- : Read 1374 bytes (27992 total)
D, [2013-03-18T09:42:07.559599 #60391] DEBUG -- : Read 1374 bytes (29366 total)
D, [2013-03-18T09:42:07.563902 #60391] DEBUG -- : Read 1374 bytes (30740 total)
D, [2013-03-18T09:42:07.567895 #60391] DEBUG -- : Read 1374 bytes (32114 total)
D, [2013-03-18T09:42:07.571777 #60391] DEBUG -- : Read 1374 bytes (33488 total)
D, [2013-03-18T09:42:07.575951 #60391] DEBUG -- : Read 1057 bytes (34545 total)
D, [2013-03-18T09:42:07.576191 #60391] DEBUG -- : gzip response
D, [2013-03-18T09:42:07.597311 #60391] DEBUG -- : saved cookie: localization=en-us%3Bus%3Bus
D, [2013-03-18T09:42:07.599715 #60391] DEBUG -- : saved cookie: fldetectedlang=en-us
I, [2013-03-18T09:44:58.341014 #60470]  INFO -- : Net::HTTP::Get: /photos/totaviva/sets/72157632174398126/
D, [2013-03-18T09:44:58.341211 #60470] DEBUG -- : request-header: accept => */*
D, [2013-03-18T09:44:58.341273 #60470] DEBUG -- : request-header: user-agent => Mechanize/2.5.1 Ruby/1.9.3p327 (http://github.com/tenderlove/mechanize/)
D, [2013-03-18T09:44:58.341328 #60470] DEBUG -- : request-header: accept-encoding => gzip,deflate,identity
D, [2013-03-18T09:44:58.341382 #60470] DEBUG -- : request-header: accept-charset => ISO-8859-1,utf-8;q=0.7,*;q=0.7
D, [2013-03-18T09:44:58.341435 #60470] DEBUG -- : request-header: accept-language => en-us,en;q=0.5
D, [2013-03-18T09:44:58.341487 #60470] DEBUG -- : request-header: host => www.flickr.com
I, [2013-03-18T09:44:58.863090 #60470]  INFO -- : status: Net::HTTPOK 1.1 200 OK
D, [2013-03-18T09:44:58.863283 #60470] DEBUG -- : response-header: age => 0
D, [2013-03-18T09:44:58.863388 #60470] DEBUG -- : response-header: cache-control => private
D, [2013-03-18T09:44:58.863486 #60470] DEBUG -- : response-header: connection => Keep-Alive
D, [2013-03-18T09:44:58.863583 #60470] DEBUG -- : response-header: content-encoding => gzip
D, [2013-03-18T09:44:58.863682 #60470] DEBUG -- : response-header: content-type => text/html; charset=utf-8
D, [2013-03-18T09:44:58.863783 #60470] DEBUG -- : response-header: date => Mon, 18 Mar 2013 13:44:59 GMT
D, [2013-03-18T09:44:58.863882 #60470] DEBUG -- : response-header: p3p => policyref="http://info.yahoo.com/w3c/p3p.xml", CP="CAO DSP COR CUR ADM DEV TAI PSA PSD IVAi IVDi CONi TELo OTPi OUR DELi SAMi OTRi UNRi PUBi IND PHY ONL UNI PUR FIN COM NAV INT DEM CNT STA POL HEA PRE LOC GOV"
D, [2013-03-18T09:44:58.863982 #60470] DEBUG -- : response-header: server => YTS/1.19.11
D, [2013-03-18T09:44:58.864082 #60470] DEBUG -- : response-header: set-cookie => localization=en-us%3Bus%3Bus; expires=Mon, 16-Mar-2015 13:44:59 GMT; path=/; domain=.flickr.com, xb=93; expires=Thu, 19-Mar-2015 13:44:59 GMT; path=/; domain=.flickr.com
D, [2013-03-18T09:44:58.864181 #60470] DEBUG -- : response-header: transfer-encoding => chunked
D, [2013-03-18T09:44:58.864280 #60470] DEBUG -- : response-header: vary => Accept-Encoding
D, [2013-03-18T09:44:58.864380 #60470] DEBUG -- : response-header: via => HTTP/1.1 r03.ycpi.ac4.yahoo.net UserFiberFramework/1.0
D, [2013-03-18T09:44:58.864480 #60470] DEBUG -- : response-header: x-served-by => www71.flickr.bf1.yahoo.com
D, [2013-03-18T09:44:58.864835 #60470] DEBUG -- : Read 607 bytes (607 total)
D, [2013-03-18T09:44:58.865588 #60470] DEBUG -- : Read 1374 bytes (1981 total)
D, [2013-03-18T09:44:58.869824 #60470] DEBUG -- : Read 272 bytes (2253 total)
D, [2013-03-18T09:44:58.869970 #60470] DEBUG -- : Read 1095 bytes (3348 total)
D, [2013-03-18T09:44:58.875815 #60470] DEBUG -- : Read 983 bytes (4331 total)
D, [2013-03-18T09:44:58.969682 #60470] DEBUG -- : Read 1369 bytes (5700 total)
D, [2013-03-18T09:44:58.972554 #60470] DEBUG -- : Read 1374 bytes (7074 total)
D, [2013-03-18T09:44:58.976472 #60470] DEBUG -- : Read 177 bytes (7251 total)
D, [2013-03-18T09:44:58.980631 #60470] DEBUG -- : Read 1368 bytes (8619 total)
D, [2013-03-18T09:44:58.984689 #60470] DEBUG -- : Read 1374 bytes (9993 total)
D, [2013-03-18T09:44:58.988886 #60470] DEBUG -- : Read 1374 bytes (11367 total)
D, [2013-03-18T09:44:58.989024 #60470] DEBUG -- : Read 1374 bytes (12741 total)
D, [2013-03-18T09:44:58.994763 #60470] DEBUG -- : Read 1374 bytes (14115 total)
D, [2013-03-18T09:44:58.997640 #60470] DEBUG -- : Read 1374 bytes (15489 total)
D, [2013-03-18T09:44:59.000522 #60470] DEBUG -- : Read 1374 bytes (16863 total)
D, [2013-03-18T09:44:59.005099 #60470] DEBUG -- : Read 1374 bytes (18237 total)
D, [2013-03-18T09:44:59.008890 #60470] DEBUG -- : Read 694 bytes (18931 total)
D, [2013-03-18T09:44:59.009068 #60470] DEBUG -- : Read 672 bytes (19603 total)
D, [2013-03-18T09:44:59.012567 #60470] DEBUG -- : Read 1374 bytes (20977 total)
D, [2013-03-18T09:44:59.016965 #60470] DEBUG -- : Read 1374 bytes (22351 total)
D, [2013-03-18T09:44:59.019912 #60470] DEBUG -- : Read 984 bytes (23335 total)
D, [2013-03-18T09:44:59.020210 #60470] DEBUG -- : gzip response
D, [2013-03-18T09:44:59.036622 #60470] DEBUG -- : saved cookie: localization=en-us%3Bus%3Bus
D, [2013-03-18T09:44:59.038927 #60470] DEBUG -- : saved cookie: xb=93
I, [2013-03-18T09:44:59.041772 #60470]  INFO -- : Net::HTTP::Get: //photos/totaviva/8245225690/in/set-72157632174398126/lightbox/
D, [2013-03-18T09:44:59.041840 #60470] DEBUG -- : request-header: accept => */*
D, [2013-03-18T09:44:59.041892 #60470] DEBUG -- : request-header: user-agent => Mechanize/2.5.1 Ruby/1.9.3p327 (http://github.com/tenderlove/mechanize/)
D, [2013-03-18T09:44:59.041942 #60470] DEBUG -- : request-header: accept-encoding => gzip,deflate,identity
D, [2013-03-18T09:44:59.041992 #60470] DEBUG -- : request-header: accept-charset => ISO-8859-1,utf-8;q=0.7,*;q=0.7
D, [2013-03-18T09:44:59.042041 #60470] DEBUG -- : request-header: accept-language => en-us,en;q=0.5
D, [2013-03-18T09:44:59.042090 #60470] DEBUG -- : request-header: cookie => localization=en-us%3Bus%3Bus; xb=93
D, [2013-03-18T09:44:59.042138 #60470] DEBUG -- : request-header: host => www.flickr.com
I, [2013-03-18T09:44:59.510165 #60470]  INFO -- : status: Net::HTTPOK 1.1 200 OK
D, [2013-03-18T09:44:59.510329 #60470] DEBUG -- : response-header: age => 0
D, [2013-03-18T09:44:59.510420 #60470] DEBUG -- : response-header: cache-control => private
D, [2013-03-18T09:44:59.510499 #60470] DEBUG -- : response-header: connection => Keep-Alive
D, [2013-03-18T09:44:59.510576 #60470] DEBUG -- : response-header: content-encoding => gzip
D, [2013-03-18T09:44:59.510653 #60470] DEBUG -- : response-header: content-type => text/html; charset=utf-8
D, [2013-03-18T09:44:59.510731 #60470] DEBUG -- : response-header: date => Mon, 18 Mar 2013 13:44:59 GMT
D, [2013-03-18T09:44:59.510811 #60470] DEBUG -- : response-header: p3p => policyref="http://info.yahoo.com/w3c/p3p.xml", CP="CAO DSP COR CUR ADM DEV TAI PSA PSD IVAi IVDi CONi TELo OTPi OUR DELi SAMi OTRi UNRi PUBi IND PHY ONL UNI PUR FIN COM NAV INT DEM CNT STA POL HEA PRE LOC GOV"
D, [2013-03-18T09:44:59.510891 #60470] DEBUG -- : response-header: server => YTS/1.19.11
D, [2013-03-18T09:44:59.511010 #60470] DEBUG -- : response-header: set-cookie => localization=en-us%3Bus%3Bus; expires=Mon, 16-Mar-2015 13:44:59 GMT; path=/; domain=.flickr.com, fldetectedlang=en-us; expires=Fri, 17-May-2013 13:44:59 GMT; path=/; domain=.flickr.com
D, [2013-03-18T09:44:59.511093 #60470] DEBUG -- : response-header: transfer-encoding => chunked
D, [2013-03-18T09:44:59.511170 #60470] DEBUG -- : response-header: vary => Accept-Encoding
D, [2013-03-18T09:44:59.511247 #60470] DEBUG -- : response-header: via => HTTP/1.1 r03.ycpi.ac4.yahoo.net UserFiberFramework/1.0
D, [2013-03-18T09:44:59.511325 #60470] DEBUG -- : response-header: x-served-by => www91.flickr.bf1.yahoo.com
D, [2013-03-18T09:44:59.511495 #60470] DEBUG -- : Read 591 bytes (591 total)
D, [2013-03-18T09:44:59.511622 #60470] DEBUG -- : Read 7343 bytes (7934 total)
D, [2013-03-18T09:44:59.511762 #60470] DEBUG -- : Read 9033 bytes (16967 total)
D, [2013-03-18T09:44:59.511871 #60470] DEBUG -- : Read 1478 bytes (18445 total)
D, [2013-03-18T09:44:59.527233 #60470] DEBUG -- : Read 1374 bytes (19819 total)
D, [2013-03-18T09:44:59.530770 #60470] DEBUG -- : Read 1374 bytes (21193 total)
D, [2013-03-18T09:44:59.534903 #60470] DEBUG -- : Read 1341 bytes (22534 total)
D, [2013-03-18T09:44:59.535089 #60470] DEBUG -- : Read 26 bytes (22560 total)
D, [2013-03-18T09:44:59.538735 #60470] DEBUG -- : Read 1374 bytes (23934 total)
D, [2013-03-18T09:44:59.542642 #60470] DEBUG -- : Read 60 bytes (23994 total)
D, [2013-03-18T09:44:59.542801 #60470] DEBUG -- : Read 1306 bytes (25300 total)
D, [2013-03-18T09:44:59.546708 #60470] DEBUG -- : Read 1374 bytes (26674 total)
D, [2013-03-18T09:44:59.550685 #60470] DEBUG -- : Read 1374 bytes (28048 total)
D, [2013-03-18T09:44:59.554715 #60470] DEBUG -- : Read 1374 bytes (29422 total)
D, [2013-03-18T09:44:59.558713 #60470] DEBUG -- : Read 1374 bytes (30796 total)
D, [2013-03-18T09:44:59.562456 #60470] DEBUG -- : Read 1374 bytes (32170 total)
D, [2013-03-18T09:44:59.566756 #60470] DEBUG -- : Read 1374 bytes (33544 total)
D, [2013-03-18T09:44:59.569621 #60470] DEBUG -- : Read 994 bytes (34538 total)
D, [2013-03-18T09:44:59.569897 #60470] DEBUG -- : gzip response
D, [2013-03-18T09:44:59.590392 #60470] DEBUG -- : saved cookie: localization=en-us%3Bus%3Bus
D, [2013-03-18T09:44:59.592811 #60470] DEBUG -- : saved cookie: fldetectedlang=en-us
I, [2013-03-18T09:44:59.628947 #60470]  INFO -- : Net::HTTP::Get: /photos/totaviva/8245225690/sizes/l/in/set-72157632174398126/
D, [2013-03-18T09:44:59.629086 #60470] DEBUG -- : request-header: accept => */*
D, [2013-03-18T09:44:59.629144 #60470] DEBUG -- : request-header: user-agent => Mechanize/2.5.1 Ruby/1.9.3p327 (http://github.com/tenderlove/mechanize/)
D, [2013-03-18T09:44:59.629195 #60470] DEBUG -- : request-header: accept-encoding => gzip,deflate,identity
D, [2013-03-18T09:44:59.629245 #60470] DEBUG -- : request-header: accept-charset => ISO-8859-1,utf-8;q=0.7,*;q=0.7
D, [2013-03-18T09:44:59.629295 #60470] DEBUG -- : request-header: accept-language => en-us,en;q=0.5
D, [2013-03-18T09:44:59.629345 #60470] DEBUG -- : request-header: cookie => xb=93; localization=en-us%3Bus%3Bus; fldetectedlang=en-us
D, [2013-03-18T09:44:59.629395 #60470] DEBUG -- : request-header: host => www.flickr.com
D, [2013-03-18T09:44:59.629456 #60470] DEBUG -- : request-header: referer => http://www.flickr.com//photos/totaviva/8245225690/in/set-72157632174398126/lightbox/
I, [2013-03-18T09:44:59.814493 #60470]  INFO -- : status: Net::HTTPOK 1.1 200 OK
D, [2013-03-18T09:44:59.814638 #60470] DEBUG -- : response-header: age => 0
D, [2013-03-18T09:44:59.814693 #60470] DEBUG -- : response-header: cache-control => private
D, [2013-03-18T09:44:59.814744 #60470] DEBUG -- : response-header: connection => Keep-Alive
D, [2013-03-18T09:44:59.814793 #60470] DEBUG -- : response-header: content-encoding => gzip
D, [2013-03-18T09:44:59.814843 #60470] DEBUG -- : response-header: content-type => text/html; charset=utf-8
D, [2013-03-18T09:44:59.814893 #60470] DEBUG -- : response-header: date => Mon, 18 Mar 2013 13:45:00 GMT
D, [2013-03-18T09:44:59.814945 #60470] DEBUG -- : response-header: p3p => policyref="http://info.yahoo.com/w3c/p3p.xml", CP="CAO DSP COR CUR ADM DEV TAI PSA PSD IVAi IVDi CONi TELo OTPi OUR DELi SAMi OTRi UNRi PUBi IND PHY ONL UNI PUR FIN COM NAV INT DEM CNT STA POL HEA PRE LOC GOV"
D, [2013-03-18T09:44:59.814998 #60470] DEBUG -- : response-header: server => YTS/1.19.11
D, [2013-03-18T09:44:59.815049 #60470] DEBUG -- : response-header: set-cookie => localization=en-us%3Bus%3Bus; expires=Mon, 16-Mar-2015 13:45:00 GMT; path=/; domain=.flickr.com
D, [2013-03-18T09:44:59.815101 #60470] DEBUG -- : response-header: transfer-encoding => chunked
D, [2013-03-18T09:44:59.815152 #60470] DEBUG -- : response-header: vary => Accept-Encoding
D, [2013-03-18T09:44:59.815203 #60470] DEBUG -- : response-header: via => HTTP/1.1 r03.ycpi.ac4.yahoo.net UserFiberFramework/1.0
D, [2013-03-18T09:44:59.815263 #60470] DEBUG -- : response-header: x-served-by => www100.flickr.bf1.yahoo.com
D, [2013-03-18T09:44:59.815418 #60470] DEBUG -- : Read 691 bytes (691 total)
D, [2013-03-18T09:44:59.817347 #60470] DEBUG -- : Read 1374 bytes (2065 total)
D, [2013-03-18T09:44:59.821789 #60470] DEBUG -- : Read 1374 bytes (3439 total)
D, [2013-03-18T09:44:59.825862 #60470] DEBUG -- : Read 914 bytes (4353 total)
D, [2013-03-18T09:44:59.825990 #60470] DEBUG -- : Read 452 bytes (4805 total)
D, [2013-03-18T09:44:59.830194 #60470] DEBUG -- : Read 1374 bytes (6179 total)
D, [2013-03-18T09:44:59.833714 #60470] DEBUG -- : Read 1374 bytes (7553 total)
D, [2013-03-18T09:44:59.837727 #60470] DEBUG -- : Read 1374 bytes (8927 total)
D, [2013-03-18T09:44:59.841704 #60470] DEBUG -- : Read 1374 bytes (10301 total)
D, [2013-03-18T09:44:59.845611 #60470] DEBUG -- : Read 1374 bytes (11675 total)
D, [2013-03-18T09:44:59.849787 #60470] DEBUG -- : Read 1374 bytes (13049 total)
D, [2013-03-18T09:44:59.853719 #60470] DEBUG -- : Read 1374 bytes (14423 total)
D, [2013-03-18T09:44:59.857693 #60470] DEBUG -- : Read 1374 bytes (15797 total)
D, [2013-03-18T09:44:59.861720 #60470] DEBUG -- : Read 1374 bytes (17171 total)
D, [2013-03-18T09:44:59.865724 #60470] DEBUG -- : Read 1374 bytes (18545 total)
D, [2013-03-18T09:44:59.869707 #60470] DEBUG -- : Read 408 bytes (18953 total)
D, [2013-03-18T09:44:59.869844 #60470] DEBUG -- : Read 959 bytes (19912 total)
D, [2013-03-18T09:44:59.873645 #60470] DEBUG -- : Read 1374 bytes (21286 total)
D, [2013-03-18T09:44:59.874145 #60470] DEBUG -- : Read 29 bytes (21315 total)
D, [2013-03-18T09:44:59.874414 #60470] DEBUG -- : gzip response
D, [2013-03-18T09:44:59.887534 #60470] DEBUG -- : saved cookie: localization=en-us%3Bus%3Bus
